
ASEM-51 V1.3                                         Copyright (c) 2002 by W.W. Heinz                                         PAGE 1





       MCS-51 Family Macro Assembler   A S E M - 5 1   V 1.3
       =====================================================



	Source File:	C:\Users\nadth\OneDrive\Desktop\micro\lab3\1\loop.asm
	Object File:	C:\Users\nadth\OneDrive\Desktop\micro\lab3\1\loop.hex
	List File:	C:\Users\nadth\OneDrive\Desktop\micro\lab3\1\loop.lst



 Line  I  Addr  Code            Source

    1:		N      0000		ORG 	0000H
    2:	  0000	79 30			MOV 	R1,#30H
    3:	  0002	90 10 00		MOV	DPTR,#1000H
    4:
    5:	  0005	74 55		LOOP1: 	MOV	A,#55H
    6:	  0007	F0			MOVX 	@DPTR,A
    7:	  0008	A3			INC 	DPTR
    8:	  0009	D9 FA			DJNZ 	R1,Loop1
    9:
   10:				; ============================================
   11:
   12:	  000B	90 10 00		MOV	DPTR,#1000H
   13:	  000E	78 30			MOV 	R0,#30H
   14:	  0010	79 30			MOV 	R1,#30H
   15:
   16:	  0012	E0		LOOP2:	MOVX	A,@DPTR
   17:	  0013	F6			MOV	@R0,A
   18:	  0014	A3			INC 	DPTR
   19:	  0015	08			INC	R0
   20:	  0016	D9 FA			DJNZ 	R1,Loop2
   21:
   22:	  0018	80 FE			JMP $
   23:
   24:					END





                     register banks used:  ---

                     no errors




ASEM-51 V1.3                                         Copyright (c) 2002 by W.W. Heinz                                         PAGE 2





	       L I S T   O F   S Y M B O L S
	       =============================


SYMBOL				  TYPE     VALUE	LINE
------------------------------------------------------------
??ASEM_51			  NUMBER    8051
??VERSION			  NUMBER    0130
AC				  BIT	      D6
ACC				  DATA	      E0
B				  DATA	      F0
CY				  BIT	      D7
DPH				  DATA	      83
DPL				  DATA	      82
EA				  BIT	      AF
ES				  BIT	      AC
ET0				  BIT	      A9
ET1				  BIT	      AB
EX0				  BIT	      A8
EX1				  BIT	      AA
EXTI0				  CODE	    0003
EXTI1				  CODE	    0013
F0				  BIT	      D5
IE				  DATA	      A8
IE0				  BIT	      89
IE1				  BIT	      8B
INT0				  BIT	      B2
INT1				  BIT	      B3
IP				  DATA	      B8
IT0				  BIT	      88
IT1				  BIT	      8A
LOOP1				  CODE	    0005	   5
LOOP2				  CODE	    0012	  16
OV				  BIT	      D2
P				  BIT	      D0
P0				  DATA	      80
P1				  DATA	      90
P2				  DATA	      A0
P3				  DATA	      B0
PCON				  DATA	      87
PS				  BIT	      BC
PSW				  DATA	      D0
PT0				  BIT	      B9
PT1				  BIT	      BB
PX0				  BIT	      B8
PX1				  BIT	      BA
RB8				  BIT	      9A
RD				  BIT	      B7
REN				  BIT	      9C
RESET				  CODE	    0000
RI				  BIT	      98
RS0				  BIT	      D3
RS1				  BIT	      D4
RXD				  BIT	      B0
SBUF				  DATA	      99
SCON				  DATA	      98

ASEM-51 V1.3                                         Copyright (c) 2002 by W.W. Heinz                                         PAGE 3



SYMBOL				  TYPE     VALUE	LINE
------------------------------------------------------------
SINT				  CODE	    0023
SM0				  BIT	      9F
SM1				  BIT	      9E
SM2				  BIT	      9D
SP				  DATA	      81
T0				  BIT	      B4
T1				  BIT	      B5
TB8				  BIT	      9B
TCON				  DATA	      88
TF0				  BIT	      8D
TF1				  BIT	      8F
TH0				  DATA	      8C
TH1				  DATA	      8D
TI				  BIT	      99
TIMER0				  CODE	    000B
TIMER1				  CODE	    001B
TL0				  DATA	      8A
TL1				  DATA	      8B
TMOD				  DATA	      89
TR0				  BIT	      8C
TR1				  BIT	      8E
TXD				  BIT	      B1
WR				  BIT	      B6
