
ASEM-51 V1.3                                         Copyright (c) 2002 by W.W. Heinz                                         PAGE 1





       MCS-51 Family Macro Assembler   A S E M - 5 1   V 1.3
       =====================================================



	Source File:	C:\Users\nadth\OneDrive\Desktop\micro\lab4\1\1-4.asm
	Object File:	C:\Users\nadth\OneDrive\Desktop\micro\lab4\1\1-4.hex
	List File:	C:\Users\nadth\OneDrive\Desktop\micro\lab4\1\1-4.lst



 Line  I  Addr  Code            Source

    1:		N      0000		ORG 	0000H
    2:	  0000	90 91 00		MOV	DPTR,#9100H
    3:	  0003	7D 00			MOV	R5,#00H
    4:	  0005	7E 40			MOV	R6,#64
    5:
    6:	  0007	ED		LOOP_:	MOV	A,R5
    7:	  0008	F0			MOVx	@DPTR,A
    8:	  0009	A3			INC	DPTR
    9:	  000A	0D			INC	R5
   10:	  000B	DE FA			DJNZ	R6,LOOP_
   11:
   12:	  000D	90 91 00		MOV	DPTR,#9100H
   13:	  0010	75 83 91		MOV	DPH,#91H
   14:	  0013	75 82 15		MOV	DPL,#15H
   15:	  0016	7E 40			MOV	R6,#64
   16:
   17:	  0018	E0		LOOP:	MOVX	A,@DPTR
   18:	  0019	F0			MOVX 	@DPTR, A
   19:	  001A	A3			INC	DPTR
   20:	  001B	05 82			INC	DPL
   21:	  001D	DE F9			DJNZ	R6,LOOP
   22:
   23:	  001F	80 FE			JMP	$
   24:
   25:					END





                     register banks used:  ---

                     no errors




ASEM-51 V1.3                                         Copyright (c) 2002 by W.W. Heinz                                         PAGE 2





	       L I S T   O F   S Y M B O L S
	       =============================


SYMBOL				  TYPE     VALUE	LINE
------------------------------------------------------------
??ASEM_51			  NUMBER    8051
??VERSION			  NUMBER    0130
AC				  BIT	      D6
ACC				  DATA	      E0
B				  DATA	      F0
CY				  BIT	      D7
DPH				  DATA	      83
DPL				  DATA	      82
EA				  BIT	      AF
ES				  BIT	      AC
ET0				  BIT	      A9
ET1				  BIT	      AB
EX0				  BIT	      A8
EX1				  BIT	      AA
EXTI0				  CODE	    0003
EXTI1				  CODE	    0013
F0				  BIT	      D5
IE				  DATA	      A8
IE0				  BIT	      89
IE1				  BIT	      8B
INT0				  BIT	      B2
INT1				  BIT	      B3
IP				  DATA	      B8
IT0				  BIT	      88
IT1				  BIT	      8A
LOOP				  CODE	    0018	  17
LOOP_				  CODE	    0007	   6
OV				  BIT	      D2
P				  BIT	      D0
P0				  DATA	      80
P1				  DATA	      90
P2				  DATA	      A0
P3				  DATA	      B0
PCON				  DATA	      87
PS				  BIT	      BC
PSW				  DATA	      D0
PT0				  BIT	      B9
PT1				  BIT	      BB
PX0				  BIT	      B8
PX1				  BIT	      BA
RB8				  BIT	      9A
RD				  BIT	      B7
REN				  BIT	      9C
RESET				  CODE	    0000
RI				  BIT	      98
RS0				  BIT	      D3
RS1				  BIT	      D4
RXD				  BIT	      B0
SBUF				  DATA	      99
SCON				  DATA	      98

ASEM-51 V1.3                                         Copyright (c) 2002 by W.W. Heinz                                         PAGE 3



SYMBOL				  TYPE     VALUE	LINE
------------------------------------------------------------
SINT				  CODE	    0023
SM0				  BIT	      9F
SM1				  BIT	      9E
SM2				  BIT	      9D
SP				  DATA	      81
T0				  BIT	      B4
T1				  BIT	      B5
TB8				  BIT	      9B
TCON				  DATA	      88
TF0				  BIT	      8D
TF1				  BIT	      8F
TH0				  DATA	      8C
TH1				  DATA	      8D
TI				  BIT	      99
TIMER0				  CODE	    000B
TIMER1				  CODE	    001B
TL0				  DATA	      8A
TL1				  DATA	      8B
TMOD				  DATA	      89
TR0				  BIT	      8C
TR1				  BIT	      8E
TXD				  BIT	      B1
WR				  BIT	      B6
