
ASEM-51 V1.3                                         Copyright (c) 2002 by W.W. Heinz                                         PAGE 1





       MCS-51 Family Macro Assembler   A S E M - 5 1   V 1.3
       =====================================================



	Source File:	C:\Users\nadth\OneDrive\Desktop\micro\lab4\4\4.asm
	Object File:	C:\Users\nadth\OneDrive\Desktop\micro\lab4\4\4.hex
	List File:	C:\Users\nadth\OneDrive\Desktop\micro\lab4\4\4.lst



 Line  I  Addr  Code            Source

    1:		B      0094		LF_SEG EQU P1.4
    2:		B      0095		RG_SEG EQU P1.5
    3:		D      0080		PT_SEG EQU P0
    4:		N      0000		ORG 0000H
    5:	  0000	21 00			JMP 0100H
    6:		N      0100		ORG 0100H
    7:	  0100	75 81 2F		MOV SP,#2FH
    8:
    9:	  0103	7F 0C		LOOP: 	MOV R7,#12
   10:	  0105	7E 00			MOV R6,#0
   11:
   12:	  0107	EE		inLOOP: MOV A,R6
   13:	  0108	90 01 33		MOV DPTR,#X_POS
   14:	  010B	93			MOVC A,@A+DPTR
   15:	  010C	A2 E0			MOV C,Acc.0
   16:	  010E	92 94			MOV LF_SEG, C
   17:	  0110	A2 E1			MOV C,Acc.1
   18:	  0112	92 95			MOV RG_SEG, c
   19:	  0114	EE			MOV A,R6
   20:	  0115	90 01 27		MOV DPTR,#X_SEG
   21:	  0118	93			MOVC A,@A+DPTR
   22:	  0119	F4			CPL A
   23:	  011A	F5 80			MOV PT_SEG,A
   24:	  011C	12 01 4F		CALL DELAY
   25:	  011F	12 01 4F		CALL DELAY
   26:	  0122	0E			INC R6
   27:	  0123	DF E2			DJNZ R7,inLOOP
   28:	  0125	80 DC			JMP LOOP
   29:
   30:	  0127	04 01 08 08	X_SEG: DB 04H, 01H, 08H, 08H, 20H, 40H, 40H, 10H, 08H, 08H, 02H, 04H
	  012B	20 40 40 10
	  012F	08 08 02 04
   31:	  0133	01 01 01 02	X_POS: DB 01H, 01H, 01H, 02H, 02H, 02H, 01H, 01H, 01H, 02H, 02H, 02H
	  0137	02 02 01 01
	  013B	01 02 02 02
   32:
   33:	  013F	04 01 10 40	X_SEG1: DB 04H, 01H, 10H, 40H, 40H, 20H, 02H, 04H
	  0143	40 20 02 04
   34:	  0147	01 01 01 01	X_POS1: DB 01H, 01H, 01H, 01H, 02H, 02H, 02H, 02H
	  014B	02 02 02 02
   35:
   36:	  014F	75 F0 00	Delay: 	MOV B,#00H
   37:	  0152	74 00			MOV A,#00H

ASEM-51 V1.3                                         Copyright (c) 2002 by W.W. Heinz                                         PAGE 2



 Line  I  Addr  Code            Source

   38:
   39:	  0154	D5 E0 FD	_DLY00: DJNZ Acc,_DLY00
   40:	  0157	D5 F0 FA		DJNZ B,_DLY00
   41:	  015A	22			RET
   42:
   43:					END





                     register banks used:  ---

                     no errors




ASEM-51 V1.3                                         Copyright (c) 2002 by W.W. Heinz                                         PAGE 3





	       L I S T   O F   S Y M B O L S
	       =============================


SYMBOL				  TYPE     VALUE	LINE
------------------------------------------------------------
??ASEM_51			  NUMBER    8051
??VERSION			  NUMBER    0130
AC				  BIT	      D6
ACC				  DATA	      E0
B				  DATA	      F0
CY				  BIT	      D7
DELAY				  CODE	    014F	  36
DPH				  DATA	      83
DPL				  DATA	      82
EA				  BIT	      AF
ES				  BIT	      AC
ET0				  BIT	      A9
ET1				  BIT	      AB
EX0				  BIT	      A8
EX1				  BIT	      AA
EXTI0				  CODE	    0003
EXTI1				  CODE	    0013
F0				  BIT	      D5
IE				  DATA	      A8
IE0				  BIT	      89
IE1				  BIT	      8B
INLOOP				  CODE	    0107	  12
INT0				  BIT	      B2
INT1				  BIT	      B3
IP				  DATA	      B8
IT0				  BIT	      88
IT1				  BIT	      8A
LF_SEG				  NUMBER    0094	   1
LOOP				  CODE	    0103	   9
OV				  BIT	      D2
P				  BIT	      D0
P0				  DATA	      80
P1				  DATA	      90
P2				  DATA	      A0
P3				  DATA	      B0
PCON				  DATA	      87
PS				  BIT	      BC
PSW				  DATA	      D0
PT0				  BIT	      B9
PT1				  BIT	      BB
PT_SEG				  NUMBER    0080	   3
PX0				  BIT	      B8
PX1				  BIT	      BA
RB8				  BIT	      9A
RD				  BIT	      B7
REN				  BIT	      9C
RESET				  CODE	    0000
RG_SEG				  NUMBER    0095	   2
RI				  BIT	      98
RS0				  BIT	      D3

ASEM-51 V1.3                                         Copyright (c) 2002 by W.W. Heinz                                         PAGE 4



SYMBOL				  TYPE     VALUE	LINE
------------------------------------------------------------
RS1				  BIT	      D4
RXD				  BIT	      B0
SBUF				  DATA	      99
SCON				  DATA	      98
SINT				  CODE	    0023
SM0				  BIT	      9F
SM1				  BIT	      9E
SM2				  BIT	      9D
SP				  DATA	      81
T0				  BIT	      B4
T1				  BIT	      B5
TB8				  BIT	      9B
TCON				  DATA	      88
TF0				  BIT	      8D
TF1				  BIT	      8F
TH0				  DATA	      8C
TH1				  DATA	      8D
TI				  BIT	      99
TIMER0				  CODE	    000B
TIMER1				  CODE	    001B
TL0				  DATA	      8A
TL1				  DATA	      8B
TMOD				  DATA	      89
TR0				  BIT	      8C
TR1				  BIT	      8E
TXD				  BIT	      B1
WR				  BIT	      B6
X_POS				  CODE	    0133	  31
X_POS1				  CODE	    0147	  34
X_SEG				  CODE	    0127	  30
X_SEG1				  CODE	    013F	  33
_DLY00				  CODE	    0154	  39
