
ASEM-51 V1.3                                         Copyright (c) 2002 by W.W. Heinz                                         PAGE 1





       MCS-51 Family Macro Assembler   A S E M - 5 1   V 1.3
       =====================================================



	Source File:	C:\Users\nadth\OneDrive\Desktop\micro\LabTest\2\step1.asm
	Object File:	C:\Users\nadth\OneDrive\Desktop\micro\LabTest\2\step1.hex
	List File:	C:\Users\nadth\OneDrive\Desktop\micro\LabTest\2\step1.lst



 Line  I  Addr  Code            Source

    1:		N      0000		ORG	0000
    2:
    3:	  0000	90 80 00		MOV	DPTR,#8000H
    4:
    5:	  0003	74 11		LOOP_:	MOV	A,#11H
    6:	  0005	F0			MOVX	@DPTR,A
    7:	  0006	A3			INC	DPTR
    8:
    9:	  0007	A8 82			MOV	R0,DPL
   10:	  0009	B8 20 F7		CJNE	R0,#020H,LOOP_
   11:	  000C	A8 83			MOV	R0,DPH
   12:	  000E	B8 81 F2		CJNE	R0,#081H,LOOP_
   13:
   14:				;================================================
   15:
   16:	  0011	90 80 00		MOV	DPTR,#8000H
   17:	  0014	7E 00			MOV	R6,#00H
   18:	  0016	7F 00			MOV	R7,#00H
   19:
   20:	  0018	E0		LOOP:	MOVX	A,@DPTR
   21:	  0019	B4 00 0D		CJNE	A,#00H,NEXT
   22:
   23:	  001C	A3		NEXT_:	INC	DPTR
   24:	  001D	A8 82			MOV	R0,DPL
   25:	  001F	B8 00 F6		CJNE	R0,#000H,LOOP
   26:	  0022	A8 83			MOV	R0,DPH
   27:	  0024	B8 82 F1		CJNE	R0,#082H,LOOP
   28:
   29:	  0027	80 FE			SJMP	$
   30:
   31:	  0029	0F		NEXT:	INC	R7
   32:	  002A	BF 00 EF		CJNE	R7,#00H,NEXT_
   33:	  002D	0E			INC	R6
   34:	  002E	80 EC			SJMP	NEXT_
   35:
   36:					END
   37:





                     register banks used:  ---

ASEM-51 V1.3                                         Copyright (c) 2002 by W.W. Heinz                                         PAGE 2




                     no errors




ASEM-51 V1.3                                         Copyright (c) 2002 by W.W. Heinz                                         PAGE 3





	       L I S T   O F   S Y M B O L S
	       =============================


SYMBOL				  TYPE     VALUE	LINE
------------------------------------------------------------
??ASEM_51			  NUMBER    8051
??VERSION			  NUMBER    0130
AC				  BIT	      D6
ACC				  DATA	      E0
B				  DATA	      F0
CY				  BIT	      D7
DPH				  DATA	      83
DPL				  DATA	      82
EA				  BIT	      AF
ES				  BIT	      AC
ET0				  BIT	      A9
ET1				  BIT	      AB
EX0				  BIT	      A8
EX1				  BIT	      AA
EXTI0				  CODE	    0003
EXTI1				  CODE	    0013
F0				  BIT	      D5
IE				  DATA	      A8
IE0				  BIT	      89
IE1				  BIT	      8B
INT0				  BIT	      B2
INT1				  BIT	      B3
IP				  DATA	      B8
IT0				  BIT	      88
IT1				  BIT	      8A
LOOP				  CODE	    0018	  20
LOOP_				  CODE	    0003	   5
NEXT				  CODE	    0029	  31
NEXT_				  CODE	    001C	  23
OV				  BIT	      D2
P				  BIT	      D0
P0				  DATA	      80
P1				  DATA	      90
P2				  DATA	      A0
P3				  DATA	      B0
PCON				  DATA	      87
PS				  BIT	      BC
PSW				  DATA	      D0
PT0				  BIT	      B9
PT1				  BIT	      BB
PX0				  BIT	      B8
PX1				  BIT	      BA
RB8				  BIT	      9A
RD				  BIT	      B7
REN				  BIT	      9C
RESET				  CODE	    0000
RI				  BIT	      98
RS0				  BIT	      D3
RS1				  BIT	      D4
RXD				  BIT	      B0

ASEM-51 V1.3                                         Copyright (c) 2002 by W.W. Heinz                                         PAGE 4



SYMBOL				  TYPE     VALUE	LINE
------------------------------------------------------------
SBUF				  DATA	      99
SCON				  DATA	      98
SINT				  CODE	    0023
SM0				  BIT	      9F
SM1				  BIT	      9E
SM2				  BIT	      9D
SP				  DATA	      81
T0				  BIT	      B4
T1				  BIT	      B5
TB8				  BIT	      9B
TCON				  DATA	      88
TF0				  BIT	      8D
TF1				  BIT	      8F
TH0				  DATA	      8C
TH1				  DATA	      8D
TI				  BIT	      99
TIMER0				  CODE	    000B
TIMER1				  CODE	    001B
TL0				  DATA	      8A
TL1				  DATA	      8B
TMOD				  DATA	      89
TR0				  BIT	      8C
TR1				  BIT	      8E
TXD				  BIT	      B1
WR				  BIT	      B6
