
ASEM-51 V1.3                                         Copyright (c) 2002 by W.W. Heinz                                         PAGE 1





       MCS-51 Family Macro Assembler   A S E M - 5 1   V 1.3
       =====================================================



	Source File:	C:\Users\nadth\OneDrive\Desktop\micro\LabTest\2\step2.asm
	Object File:	C:\Users\nadth\OneDrive\Desktop\micro\LabTest\2\step2.hex
	List File:	C:\Users\nadth\OneDrive\Desktop\micro\LabTest\2\step2.lst



 Line  I  Addr  Code            Source

    1:		N      0000		ORG	0000
    2:
    3:	  0000	90 80 00		MOV	DPTR,#8000H
    4:
    5:	  0003	74 11		LOOP_:	MOV	A,#11H
    6:	  0005	F0			MOVX	@DPTR,A
    7:	  0006	A3			INC	DPTR
    8:
    9:	  0007	A8 82			MOV	R0,DPL
   10:	  0009	B8 FF F7		CJNE	R0,#0FFH,LOOP_
   11:	  000C	A8 83			MOV	R0,DPH
   12:	  000E	B8 80 F2		CJNE	R0,#080H,LOOP_
   13:
   14:				;================================================
   15:
   16:	  0011	90 80 00		MOV	DPTR,#8000H
   17:	  0014	7B 00			MOV	R3,#00H
   18:	  0016	7C 00			MOV	R4,#00H
   19:	  0018	7D 00			MOV	R5,#00H
   20:	  001A	7E 00			MOV	R6,#00H
   21:	  001C	7F 00			MOV	R7,#00H
   22:
   23:	  001E	E0		LOOP:	MOVX	A,@DPTR
   24:	  001F	B4 00 30		CJNE	A,#00H,NOZERO
   25:	  0022	02 00 45		JMP	NEXT_
   26:
   27:	  0025	C4		HNIB:	SWAP 	A
   28:	  0026	54 0F			ANL 	A,#00FH
   29:	  0028	64 01			XRL 	A,#001H
   30:	  002A	70 09			JNZ 	LNIB
   31:	  002C	0D			INC	R5
   32:	  002D	BD 00 05		CJNE	R5,#00H,LNIB
   33:	  0030	0C			INC	R4
   34:	  0031	BC 00 01		CJNE	R4,#00H,LNIB
   35:	  0034	0B			INC	R3
   36:
   37:	  0035	E0		LNIB: 	MOVX	A,@DPTR
   38:	  0036	54 0F			ANL 	A,#00FH
   39:	  0038	64 01			XRL 	A,#001H
   40:	  003A	70 09			JNZ 	NEXT_
   41:	  003C	0D			INC	R5
   42:	  003D	BD 00 05		CJNE	R5,#00H,NEXT_
   43:	  0040	0C			INC	R4

ASEM-51 V1.3                                         Copyright (c) 2002 by W.W. Heinz                                         PAGE 2



 Line  I  Addr  Code            Source

   44:	  0041	BC 00 01		CJNE	R4,#00H,NEXT_
   45:	  0044	0B			INC	R3
   46:
   47:	  0045	A3		NEXT_:	INC	DPTR
   48:	  0046	A8 82			MOV	R0,DPL
   49:	  0048	B8 00 D3		CJNE	R0,#000H,LOOP
   50:	  004B	A8 83			MOV	R0,DPH
   51:	  004D	B8 82 CE		CJNE	R0,#082H,LOOP
   52:
   53:	  0050	80 FE			SJMP	$
   54:
   55:	  0052	0F		NOZERO:	INC	R7
   56:	  0053	BF 00 CF		CJNE	R7,#00H,HNIB
   57:	  0056	0E			INC	R6
   58:	  0057	80 CC			SJMP	HNIB
   59:
   60:					END
   61:





                     register banks used:  ---

                     no errors




ASEM-51 V1.3                                         Copyright (c) 2002 by W.W. Heinz                                         PAGE 3





	       L I S T   O F   S Y M B O L S
	       =============================


SYMBOL				  TYPE     VALUE	LINE
------------------------------------------------------------
??ASEM_51			  NUMBER    8051
??VERSION			  NUMBER    0130
AC				  BIT	      D6
ACC				  DATA	      E0
B				  DATA	      F0
CY				  BIT	      D7
DPH				  DATA	      83
DPL				  DATA	      82
EA				  BIT	      AF
ES				  BIT	      AC
ET0				  BIT	      A9
ET1				  BIT	      AB
EX0				  BIT	      A8
EX1				  BIT	      AA
EXTI0				  CODE	    0003
EXTI1				  CODE	    0013
F0				  BIT	      D5
HNIB				  CODE	    0025	  27
IE				  DATA	      A8
IE0				  BIT	      89
IE1				  BIT	      8B
INT0				  BIT	      B2
INT1				  BIT	      B3
IP				  DATA	      B8
IT0				  BIT	      88
IT1				  BIT	      8A
LNIB				  CODE	    0035	  37
LOOP				  CODE	    001E	  23
LOOP_				  CODE	    0003	   5
NEXT_				  CODE	    0045	  47
NOZERO				  CODE	    0052	  55
OV				  BIT	      D2
P				  BIT	      D0
P0				  DATA	      80
P1				  DATA	      90
P2				  DATA	      A0
P3				  DATA	      B0
PCON				  DATA	      87
PS				  BIT	      BC
PSW				  DATA	      D0
PT0				  BIT	      B9
PT1				  BIT	      BB
PX0				  BIT	      B8
PX1				  BIT	      BA
RB8				  BIT	      9A
RD				  BIT	      B7
REN				  BIT	      9C
RESET				  CODE	    0000
RI				  BIT	      98
RS0				  BIT	      D3

ASEM-51 V1.3                                         Copyright (c) 2002 by W.W. Heinz                                         PAGE 4



SYMBOL				  TYPE     VALUE	LINE
------------------------------------------------------------
RS1				  BIT	      D4
RXD				  BIT	      B0
SBUF				  DATA	      99
SCON				  DATA	      98
SINT				  CODE	    0023
SM0				  BIT	      9F
SM1				  BIT	      9E
SM2				  BIT	      9D
SP				  DATA	      81
T0				  BIT	      B4
T1				  BIT	      B5
TB8				  BIT	      9B
TCON				  DATA	      88
TF0				  BIT	      8D
TF1				  BIT	      8F
TH0				  DATA	      8C
TH1				  DATA	      8D
TI				  BIT	      99
TIMER0				  CODE	    000B
TIMER1				  CODE	    001B
TL0				  DATA	      8A
TL1				  DATA	      8B
TMOD				  DATA	      89
TR0				  BIT	      8C
TR1				  BIT	      8E
TXD				  BIT	      B1
WR				  BIT	      B6
