
ASEM-51 V1.3                                         Copyright (c) 2002 by W.W. Heinz                                         PAGE 1





       MCS-51 Family Macro Assembler   A S E M - 5 1   V 1.3
       =====================================================



	Source File:	C:\Users\nadth\OneDrive\Desktop\micro\lab3\3\delay.asm
	Object File:	C:\Users\nadth\OneDrive\Desktop\micro\lab3\3\delay.hex
	List File:	C:\Users\nadth\OneDrive\Desktop\micro\lab3\3\delay.lst



 Line  I  Addr  Code            Source

    1:		N      8000		ORG 	8000H
    2:	  8000	90 E0 60		MOV 	DPTR,#0E060H
    3:	  8003	74 7C		Loop: 	MOV 	A,#7CH ; Show B
    4:	  8005	12 80 2D		CALL 	Disp7Seg
    5:	  8008	74 7D			MOV 	A,#7DH ; Show 6
    6:	  800A	12 80 2D		CALL 	Disp7Seg
    7:	  800D	74 6D			MOV 	A,#6DH ; Show 5
    8:	  800F	12 80 2D		CALL 	Disp7Seg
    9:	  8012	74 06			MOV 	A,#06H ; Show 1
   10:	  8014	12 80 2D		CALL 	Disp7Seg
   11:	  8017	74 6D			MOV 	A,#6DH ; Show 5
   12:	  8019	12 80 2D		CALL 	Disp7Seg
   13:	  801C	74 7D			MOV 	A,#7DH ; Show 6
   14:	  801E	12 80 2D		CALL 	Disp7Seg
   15:	  8021	74 6D			MOV 	A,#6DH ; Show 5
   16:	  8023	12 80 2D		CALL 	Disp7Seg
   17:	  8026	74 5B			MOV 	A,#5BH ; Show 2
   18:	  8028	12 80 2D		CALL 	Disp7Seg
   19:	  802B	80 D6			JMP 	Loop
   20:	  802D			Disp7Seg:
   21:	  802D	F0			MOVX 	@DPTR,A
   22:	  802E	C0 07		DELAY: 	PUSH 07H ; MC=
   23:	  8030	C0 06			PUSH 06H ; MC=
   24:	  8032	C0 05			PUSH 05H ; MC=
   25:	  8034	C0 04			PUSH 04H ; MC=
   26:	  8036	7C 0A			MOV R4,#10 ; MC=
   27:	  8038	7D 0F		_DLY_4: MOV R5,#15 ; MC=
   28:	  803A	7E 1E		_DLY_5: MOV R6,#30 ; MC=
   29:	  803C	7F 1B		_DLY_6: MOV R7,#27 ; MC=
   30:	  803E	DF FE		_DLY_7: DJNZ R7,_DLY_7 ; MC=
   31:	  8040	DE FA			DJNZ R6,_DLY_6 ; MC=
   32:	  8042	DD F6			DJNZ R5,_DLY_5 ; MC=
   33:	  8044	DC F2			DJNZ R4,_DLY_4 ; MC=
   34:	  8046	D0 04			POP 04H ; MC=
   35:	  8048	D0 05			POP 05H ; MC=
   36:	  804A	D0 06			POP 06H ; MC=
   37:	  804C	D0 07			POP 07H ; MC=
   38:	  804E	22			RET
   39:
   40:					END




ASEM-51 V1.3                                         Copyright (c) 2002 by W.W. Heinz                                         PAGE 2





                     register banks used:  ---

                     no errors




ASEM-51 V1.3                                         Copyright (c) 2002 by W.W. Heinz                                         PAGE 3





	       L I S T   O F   S Y M B O L S
	       =============================


SYMBOL				  TYPE     VALUE	LINE
------------------------------------------------------------
??ASEM_51			  NUMBER    8051
??VERSION			  NUMBER    0130
AC				  BIT	      D6
ACC				  DATA	      E0
B				  DATA	      F0
CY				  BIT	      D7
DELAY				  CODE	    802E	  22
DISP7SEG			  CODE	    802D	  20
DPH				  DATA	      83
DPL				  DATA	      82
EA				  BIT	      AF
ES				  BIT	      AC
ET0				  BIT	      A9
ET1				  BIT	      AB
EX0				  BIT	      A8
EX1				  BIT	      AA
EXTI0				  CODE	    0003
EXTI1				  CODE	    0013
F0				  BIT	      D5
IE				  DATA	      A8
IE0				  BIT	      89
IE1				  BIT	      8B
INT0				  BIT	      B2
INT1				  BIT	      B3
IP				  DATA	      B8
IT0				  BIT	      88
IT1				  BIT	      8A
LOOP				  CODE	    8003	   3
OV				  BIT	      D2
P				  BIT	      D0
P0				  DATA	      80
P1				  DATA	      90
P2				  DATA	      A0
P3				  DATA	      B0
PCON				  DATA	      87
PS				  BIT	      BC
PSW				  DATA	      D0
PT0				  BIT	      B9
PT1				  BIT	      BB
PX0				  BIT	      B8
PX1				  BIT	      BA
RB8				  BIT	      9A
RD				  BIT	      B7
REN				  BIT	      9C
RESET				  CODE	    0000
RI				  BIT	      98
RS0				  BIT	      D3
RS1				  BIT	      D4
RXD				  BIT	      B0
SBUF				  DATA	      99

ASEM-51 V1.3                                         Copyright (c) 2002 by W.W. Heinz                                         PAGE 4



SYMBOL				  TYPE     VALUE	LINE
------------------------------------------------------------
SCON				  DATA	      98
SINT				  CODE	    0023
SM0				  BIT	      9F
SM1				  BIT	      9E
SM2				  BIT	      9D
SP				  DATA	      81
T0				  BIT	      B4
T1				  BIT	      B5
TB8				  BIT	      9B
TCON				  DATA	      88
TF0				  BIT	      8D
TF1				  BIT	      8F
TH0				  DATA	      8C
TH1				  DATA	      8D
TI				  BIT	      99
TIMER0				  CODE	    000B
TIMER1				  CODE	    001B
TL0				  DATA	      8A
TL1				  DATA	      8B
TMOD				  DATA	      89
TR0				  BIT	      8C
TR1				  BIT	      8E
TXD				  BIT	      B1
WR				  BIT	      B6
_DLY_4				  CODE	    8038	  27
_DLY_5				  CODE	    803A	  28
_DLY_6				  CODE	    803C	  29
_DLY_7				  CODE	    803E	  30
