
ASEM-51 V1.3                                         Copyright (c) 2002 by W.W. Heinz                                         PAGE 1





       MCS-51 Family Macro Assembler   A S E M - 5 1   V 1.3
       =====================================================



	Source File:	C:\Users\nadth\OneDrive\Desktop\micro\LabTest\1\_B6515652.asm
	Object File:	C:\Users\nadth\OneDrive\Desktop\micro\LabTest\1\_B6515652.hex
	List File:	C:\Users\nadth\OneDrive\Desktop\micro\LabTest\1\_B6515652.lst



 Line  I  Addr  Code            Source

    1:		B      0094	LF_SEG 	EQU P1.4
    2:		B      0095	RG_SEG 	EQU P1.5
    3:		D      0080	PT_SEG 	EQU P0
    4:
    5:		N      0000		ORG 0000H
    6:	  0000	21 00			JMP 0100H
    7:
    8:		N      0100		ORG 	0100H
    9:	  0100	75 81 2F		MOV 	SP,#2FH
   10:	  0103	C2 95			CLR 	RG_SEG
   11:	  0105	D2 94			SETB 	LF_SEG
   12:	  0107	7F 00			MOV 	R7,#00H
   13:
   14:	  0109			LOOP:
   15:	  0109	EF			MOV 	A,R7
   16:					;ANL 	A,#0FH
   17:	  010A	90 01 1C		MOV 	DPTR,#T_SEG
   18:	  010D	93			MOVC 	A,@A+DPTR
   19:	  010E	F4			CPL 	A
   20:	  010F	F5 80			MOV 	PT_SEG,A
   21:	  0111	12 01 3D		CALL 	DELAY
   22:	  0114	0F			INC	R7
   23:	  0115	BF 11 F1		CJNE 	R7,#11H,LOOP
   24:	  0118	7F 00			MOV 	R7,#00H
   25:	  011A	80 ED			JMP 	LOOP
   26:
   27:
   28:	  011C			T_SEG:
   29:	  011C	40			DB 40H    ; _
   30:	  011D	7A			DB 7AH    ; B
   31:	  011E	7E			DB 7EH    ; 6
   32:	  011F	5E			DB 5EH    ; 5
   33:	  0120	11			DB 11H    ; 1
   34:	  0121	5E			DB 5EH    ; 5
   35:	  0122	7E			DB 7EH    ; 6
   36:	  0123	5E			DB 5EH    ; 5
   37:	  0124	6D			DB 6DH    ; 2
   38:	  0125	00			DB 00H    ;
   39:	  0126	1F			DB 1FH    ; G
   40:	  0127	28			DB 28H	  ; R
   41:	  0128	3F			DB 3FH    ; A
   42:	  0129	79			DB 79H    ; D
   43:	  012A	6E			DB 6EH    ; E

ASEM-51 V1.3                                         Copyright (c) 2002 by W.W. Heinz                                         PAGE 2



 Line  I  Addr  Code            Source

   44:	  012B	48			DB 48H    ; =
   45:	  012C	3F			DB 3FH    ; A
   46:
   47:	  012D			T_SEG1:
   48:	  012D	77			DB 77H    ; 0
   49:	  012E	11			DB 11H    ; 1
   50:	  012F	6D			DB 6DH    ; 2
   51:	  0130	5D			DB 5DH    ; 3
   52:	  0131	1B			DB 1BH    ; 4
   53:	  0132	5E			DB 5EH    ; 5
   54:	  0133	7E			DB 7EH    ; 6
   55:	  0134	15			DB 15H    ; 7
   56:	  0135	7F			DB 7FH    ; 8
   57:	  0136	5F			DB 5FH    ; 9
   58:	  0137	3F			DB 3FH    ; A
   59:	  0138	7A			DB 7AH	  ; B
   60:	  0139	66			DB 66H    ; C
   61:	  013A	79			DB 79H    ; D
   62:	  013B	6E			DB 6EH    ; E
   63:	  013C	2E			DB 2EH    ; F
   64:
   65:	  013D	C0 07		DELAY: 	PUSH 07H
   66:	  013F	C0 06			PUSH 06H
   67:	  0141	C0 05			PUSH 05H
   68:	  0143	C0 04			PUSH 04H
   69:	  0145	7C 1E			MOV R4,#30
   70:	  0147	7D 1E		_DLY_4: MOV R5,#30
   71:	  0149	7E 1E		_DLY_5: MOV R6,#30
   72:	  014B	7F 1B		_DLY_6: MOV R7,#27
   73:	  014D	DF FE		_DLY_7: DJNZ R7,_DLY_7
   74:	  014F	DE FA			DJNZ R6,_DLY_6
   75:	  0151	DD F6			DJNZ R5,_DLY_5
   76:	  0153	DC F2			DJNZ R4,_DLY_4
   77:	  0155	D0 04			POP 04H
   78:	  0157	D0 05			POP 05H
   79:	  0159	D0 06			POP 06H
   80:	  015B	D0 07			POP 07H
   81:	  015D	22			RET
   82:
   83:					END





                     register banks used:  ---

                     no errors




ASEM-51 V1.3                                         Copyright (c) 2002 by W.W. Heinz                                         PAGE 3





	       L I S T   O F   S Y M B O L S
	       =============================


SYMBOL				  TYPE     VALUE	LINE
------------------------------------------------------------
??ASEM_51			  NUMBER    8051
??VERSION			  NUMBER    0130
AC				  BIT	      D6
ACC				  DATA	      E0
B				  DATA	      F0
CY				  BIT	      D7
DELAY				  CODE	    013D	  65
DPH				  DATA	      83
DPL				  DATA	      82
EA				  BIT	      AF
ES				  BIT	      AC
ET0				  BIT	      A9
ET1				  BIT	      AB
EX0				  BIT	      A8
EX1				  BIT	      AA
EXTI0				  CODE	    0003
EXTI1				  CODE	    0013
F0				  BIT	      D5
IE				  DATA	      A8
IE0				  BIT	      89
IE1				  BIT	      8B
INT0				  BIT	      B2
INT1				  BIT	      B3
IP				  DATA	      B8
IT0				  BIT	      88
IT1				  BIT	      8A
LF_SEG				  NUMBER    0094	   1
LOOP				  CODE	    0109	  14
OV				  BIT	      D2
P				  BIT	      D0
P0				  DATA	      80
P1				  DATA	      90
P2				  DATA	      A0
P3				  DATA	      B0
PCON				  DATA	      87
PS				  BIT	      BC
PSW				  DATA	      D0
PT0				  BIT	      B9
PT1				  BIT	      BB
PT_SEG				  NUMBER    0080	   3
PX0				  BIT	      B8
PX1				  BIT	      BA
RB8				  BIT	      9A
RD				  BIT	      B7
REN				  BIT	      9C
RESET				  CODE	    0000
RG_SEG				  NUMBER    0095	   2
RI				  BIT	      98
RS0				  BIT	      D3
RS1				  BIT	      D4

ASEM-51 V1.3                                         Copyright (c) 2002 by W.W. Heinz                                         PAGE 4



SYMBOL				  TYPE     VALUE	LINE
------------------------------------------------------------
RXD				  BIT	      B0
SBUF				  DATA	      99
SCON				  DATA	      98
SINT				  CODE	    0023
SM0				  BIT	      9F
SM1				  BIT	      9E
SM2				  BIT	      9D
SP				  DATA	      81
T0				  BIT	      B4
T1				  BIT	      B5
TB8				  BIT	      9B
TCON				  DATA	      88
TF0				  BIT	      8D
TF1				  BIT	      8F
TH0				  DATA	      8C
TH1				  DATA	      8D
TI				  BIT	      99
TIMER0				  CODE	    000B
TIMER1				  CODE	    001B
TL0				  DATA	      8A
TL1				  DATA	      8B
TMOD				  DATA	      89
TR0				  BIT	      8C
TR1				  BIT	      8E
TXD				  BIT	      B1
T_SEG				  CODE	    011C	  28
T_SEG1				  CODE	    012D	  47
WR				  BIT	      B6
_DLY_4				  CODE	    0147	  70
_DLY_5				  CODE	    0149	  71
_DLY_6				  CODE	    014B	  72
_DLY_7				  CODE	    014D	  73
