
ASEM-51 V1.3                                         Copyright (c) 2002 by W.W. Heinz                                         PAGE 1





       MCS-51 Family Macro Assembler   A S E M - 5 1   V 1.3
       =====================================================



	Source File:	C:\Users\nadth\OneDrive\Desktop\micro\Lab6\4\MCS51\in-to-out.asm
	Object File:	C:\Users\nadth\OneDrive\Desktop\micro\Lab6\4\MCS51\in-to-out.hex
	List File:	C:\Users\nadth\OneDrive\Desktop\micro\Lab6\4\MCS51\in-to-out.lst



 Line  I  Addr  Code            Source

    1:		N      0000	ORG 	0000H
    2:	  0000	21 00			JMP 0100H
    3:		N      0100		ORG 0100H
    4:	  0100	75 81 2F		MOV SP,#2FH
    5:	  0103	12 01 08	LOOP: 	CALL LED_B2C
    6:	  0106	80 FB			JMP LOOP
    7:	  0108			LED_B2C:
    8:	  0108	74 18			MOV A,#00011000B
    9:	  010A	12 01 1D		CALL Delay
   10:	  010D	74 24			MOV A,#00100100B
   11:	  010F	12 01 1D		CALL Delay
   12:	  0112	74 42			MOV A,#01000010B
   13:	  0114	12 01 1D		CALL Delay
   14:	  0117	74 81			MOV A,#10000001B
   15:	  0119	12 01 1D		CALL Delay
   16:
   17:	  011C	22			RET
   18:	  011D	F4		Delay: 	CPL A
   19:	  011E	F5 A0			MOV P2,A
   20:	  0120	78 05			MOV R0,#5
   21:	  0122	75 F0 C8		MOV B,#200
   22:	  0125	74 C8			MOV A,#200
   23:	  0127	D5 E0 FD	_DLY00: DJNZ Acc,_DLY00
   24:	  012A	D5 F0 FA		DJNZ B,_DLY00
   25:	  012D	D8 F8			DJNZ R0,_DLY00
   26:	  012F	22			RET
   27:					END





                     register banks used:  ---

                     no errors




ASEM-51 V1.3                                         Copyright (c) 2002 by W.W. Heinz                                         PAGE 2





	       L I S T   O F   S Y M B O L S
	       =============================


SYMBOL				  TYPE     VALUE	LINE
------------------------------------------------------------
??ASEM_51			  NUMBER    8051
??VERSION			  NUMBER    0130
AC				  BIT	      D6
ACC				  DATA	      E0
B				  DATA	      F0
CY				  BIT	      D7
DELAY				  CODE	    011D	  18
DPH				  DATA	      83
DPL				  DATA	      82
EA				  BIT	      AF
ES				  BIT	      AC
ET0				  BIT	      A9
ET1				  BIT	      AB
EX0				  BIT	      A8
EX1				  BIT	      AA
EXTI0				  CODE	    0003
EXTI1				  CODE	    0013
F0				  BIT	      D5
IE				  DATA	      A8
IE0				  BIT	      89
IE1				  BIT	      8B
INT0				  BIT	      B2
INT1				  BIT	      B3
IP				  DATA	      B8
IT0				  BIT	      88
IT1				  BIT	      8A
LED_B2C				  CODE	    0108	   7
LOOP				  CODE	    0103	   5
OV				  BIT	      D2
P				  BIT	      D0
P0				  DATA	      80
P1				  DATA	      90
P2				  DATA	      A0
P3				  DATA	      B0
PCON				  DATA	      87
PS				  BIT	      BC
PSW				  DATA	      D0
PT0				  BIT	      B9
PT1				  BIT	      BB
PX0				  BIT	      B8
PX1				  BIT	      BA
RB8				  BIT	      9A
RD				  BIT	      B7
REN				  BIT	      9C
RESET				  CODE	    0000
RI				  BIT	      98
RS0				  BIT	      D3
RS1				  BIT	      D4
RXD				  BIT	      B0
SBUF				  DATA	      99

ASEM-51 V1.3                                         Copyright (c) 2002 by W.W. Heinz                                         PAGE 3



SYMBOL				  TYPE     VALUE	LINE
------------------------------------------------------------
SCON				  DATA	      98
SINT				  CODE	    0023
SM0				  BIT	      9F
SM1				  BIT	      9E
SM2				  BIT	      9D
SP				  DATA	      81
T0				  BIT	      B4
T1				  BIT	      B5
TB8				  BIT	      9B
TCON				  DATA	      88
TF0				  BIT	      8D
TF1				  BIT	      8F
TH0				  DATA	      8C
TH1				  DATA	      8D
TI				  BIT	      99
TIMER0				  CODE	    000B
TIMER1				  CODE	    001B
TL0				  DATA	      8A
TL1				  DATA	      8B
TMOD				  DATA	      89
TR0				  BIT	      8C
TR1				  BIT	      8E
TXD				  BIT	      B1
WR				  BIT	      B6
_DLY00				  CODE	    0127	  23
