
ASEM-51 V1.3                                         Copyright (c) 2002 by W.W. Heinz                                         PAGE 1





       MCS-51 Family Macro Assembler   A S E M - 5 1   V 1.3
       =====================================================



	Source File:	C:\Users\nadth\OneDrive\Desktop\micro\Lab6\7\LAB57.asm
	Object File:	C:\Users\nadth\OneDrive\Desktop\micro\Lab6\7\LAB57.hex
	List File:	C:\Users\nadth\OneDrive\Desktop\micro\Lab6\7\LAB57.lst



 Line  I  Addr  Code            Source

    1:
    2:		N      0000			ORG 	0000H
    3:	  0000	21 00				JMP 	0100H
    4:		N      0100			ORG 	0100H
    5:	  0100	75 81 3F			MOV 	SP,#3FH
    6:	  0103	C2 AF				CLR 	EA
    7:	  0105	12 01 33	LOOP: 		CALL 	ScanKey
    8:	  0108	90 01 18			MOV 	DPTR,#Seg_Table
    9:	  010B	93				MOVC 	A,@A+DPTR
   10:	  010C	F4				CPL 	A 			; Active Low
   11:	  010D	F5 80				MOV 	P0,A
   12:	  010F	D2 94				SETB 	P1.4 			; Left not Show
   13:	  0111	C2 95				CLR 	P1.5 			; Right Show
   14:	  0113	12 01 29			CALL 	Delay
   15:	  0116	80 ED				JMP 	LOOP
   16:
   17:	  0118	77 11 6D 5D	Seg_Table: 	DB 77H,11H,6DH,5DH 		; 00 01 02 03
   18:	  011C	1B 5E 7E 15			DB 1BH,5EH,7EH,15H 		; 04 05 06 07
   19:	  0120	7F 5F 3F 7A			DB 7FH,5FH,3FH,7AH 		; 08 09 0A 0B
   20:	  0124	66 79 6E 2E			DB 66H,79H,6EH,2EH 		; 0C 0D 0E 0F
   21:	  0128	08				DB 08H 				; 10
   22:
   23:	  0129	E4		Delay: 		CLR 	A
   24:	  012A	F5 F0				MOV 	B,A
   25:	  012C	D5 E0 FD	_Dly00: 	DJNZ	Acc,_Dly00
   26:	  012F	D5 F0 FA			DJNZ 	B,_Dly00
   27:	  0132	22				RET
   28:
   29:	  0133			ScanKey:
   30:				; Row 1
   31:	  0133	75 A0 FE			MOV 	P2,#11111110B
   32:	  0136	75 F0 01			MOV 	B,#01H
   33:	  0139	30 A4 66			JNB 	P2.4, _Exit
   34:	  013C	75 F0 02			MOV 	B,#02H
   35:	  013F	30 A5 60			JNB 	P2.5, _Exit
   36:	  0142	75 F0 03			MOV 	B,#03H
   37:	  0145	30 A6 5A			JNB 	P2.6, _Exit
   38:	  0148	75 F0 0A			MOV 	B,#0AH
   39:	  014B	30 A7 54			JNB 	P2.7, _Exit
   40:
   41:				; Row 2
   42:	  014E	75 A0 FD			MOV 	P2,#11111101B
   43:	  0151	75 F0 04			MOV 	B,#04H

ASEM-51 V1.3                                         Copyright (c) 2002 by W.W. Heinz                                         PAGE 2



 Line  I  Addr  Code            Source

   44:	  0154	30 A4 4B			JNB 	P2.4, _Exit
   45:	  0157	75 F0 05			MOV 	B,#05H
   46:	  015A	30 A5 45			JNB 	P2.5, _Exit
   47:	  015D	75 F0 06			MOV 	B,#06H
   48:	  0160	30 A6 3F			JNB 	P2.6, _Exit
   49:	  0163	75 F0 0B			MOV 	B,#0BH
   50:	  0166	30 A7 39			JNB 	P2.7, _Exit
   51:				; Row 3
   52:	  0169	75 A0 FB			MOV 	P2,#11111011B
   53:	  016C	75 F0 07			MOV 	B,#07H
   54:	  016F	30 A4 30			JNB 	P2.4, _Exit
   55:	  0172	75 F0 08			MOV 	B,#08H
   56:	  0175	30 A5 2A			JNB 	P2.5, _Exit
   57:	  0178	75 F0 09			MOV 	B,#09H
   58:	  017B	30 A6 24			JNB 	P2.6, _Exit
   59:	  017E	75 F0 0C			MOV 	B,#0CH
   60:	  0181	30 A7 1E			JNB 	P2.7, _Exit
   61:				; Row4
   62:	  0184	75 A0 F7			MOV 	P2,#11110111B
   63:	  0187	75 F0 0E			MOV 	B,#0EH
   64:	  018A	30 A4 15			JNB 	P2.4, _Exit
   65:	  018D	75 F0 00			MOV 	B,#00H
   66:	  0190	30 A5 0F			JNB 	P2.5, _Exit
   67:	  0193	75 F0 0F			MOV 	B,#0FH
   68:	  0196	30 A6 09			JNB 	P2.6, _Exit
   69:	  0199	75 F0 0D			MOV 	B,#0DH
   70:	  019C	30 A7 03			JNB 	P2.7, _Exit
   71:
   72:				; no press
   73:	  019F	75 F0 10			MOV 	B,#10H
   74:
   75:	  01A2	E5 F0		_Exit: 		MOV A,B
   76:	  01A4	22				RET
   77:						END





                     register banks used:  ---

                     no errors




ASEM-51 V1.3                                         Copyright (c) 2002 by W.W. Heinz                                         PAGE 3





	       L I S T   O F   S Y M B O L S
	       =============================


SYMBOL				  TYPE     VALUE	LINE
------------------------------------------------------------
??ASEM_51			  NUMBER    8051
??VERSION			  NUMBER    0130
AC				  BIT	      D6
ACC				  DATA	      E0
B				  DATA	      F0
CY				  BIT	      D7
DELAY				  CODE	    0129	  23
DPH				  DATA	      83
DPL				  DATA	      82
EA				  BIT	      AF
ES				  BIT	      AC
ET0				  BIT	      A9
ET1				  BIT	      AB
EX0				  BIT	      A8
EX1				  BIT	      AA
EXTI0				  CODE	    0003
EXTI1				  CODE	    0013
F0				  BIT	      D5
IE				  DATA	      A8
IE0				  BIT	      89
IE1				  BIT	      8B
INT0				  BIT	      B2
INT1				  BIT	      B3
IP				  DATA	      B8
IT0				  BIT	      88
IT1				  BIT	      8A
LOOP				  CODE	    0105	   7
OV				  BIT	      D2
P				  BIT	      D0
P0				  DATA	      80
P1				  DATA	      90
P2				  DATA	      A0
P3				  DATA	      B0
PCON				  DATA	      87
PS				  BIT	      BC
PSW				  DATA	      D0
PT0				  BIT	      B9
PT1				  BIT	      BB
PX0				  BIT	      B8
PX1				  BIT	      BA
RB8				  BIT	      9A
RD				  BIT	      B7
REN				  BIT	      9C
RESET				  CODE	    0000
RI				  BIT	      98
RS0				  BIT	      D3
RS1				  BIT	      D4
RXD				  BIT	      B0
SBUF				  DATA	      99
SCANKEY				  CODE	    0133	  29

ASEM-51 V1.3                                         Copyright (c) 2002 by W.W. Heinz                                         PAGE 4



SYMBOL				  TYPE     VALUE	LINE
------------------------------------------------------------
SCON				  DATA	      98
SEG_TABLE			  CODE	    0118	  17
SINT				  CODE	    0023
SM0				  BIT	      9F
SM1				  BIT	      9E
SM2				  BIT	      9D
SP				  DATA	      81
T0				  BIT	      B4
T1				  BIT	      B5
TB8				  BIT	      9B
TCON				  DATA	      88
TF0				  BIT	      8D
TF1				  BIT	      8F
TH0				  DATA	      8C
TH1				  DATA	      8D
TI				  BIT	      99
TIMER0				  CODE	    000B
TIMER1				  CODE	    001B
TL0				  DATA	      8A
TL1				  DATA	      8B
TMOD				  DATA	      89
TR0				  BIT	      8C
TR1				  BIT	      8E
TXD				  BIT	      B1
WR				  BIT	      B6
_DLY00				  CODE	    012C	  25
_EXIT				  CODE	    01A2	  75
