
ASEM-51 V1.3                                         Copyright (c) 2002 by W.W. Heinz                                         PAGE 1





       MCS-51 Family Macro Assembler   A S E M - 5 1   V 1.3
       =====================================================



	Source File:	C:\Users\nadth\OneDrive\Desktop\micro\Lab6\5\LAB55.asm
	Object File:	C:\Users\nadth\OneDrive\Desktop\micro\Lab6\5\LAB55.hex
	List File:	C:\Users\nadth\OneDrive\Desktop\micro\Lab6\5\LAB55.lst



 Line  I  Addr  Code            Source

    1:
    2:		B      0094	LF_SEG 	EQU 	P1.4
    3:		B      0095	RG_SEG 	EQU 	P1.5
    4:		D      0080	PT_SEG	EQU 	P0
    5:		N      0000		ORG 	0000H
    6:	  0000	21 00			JMP 	0100H
    7:		N      0100		ORG 	0100H
    8:	  0100	75 81 2F		MOV 	SP,#2FH
    9:	  0103	D2 94			SETB 	LF_SEG
   10:	  0105	C2 95			CLR 	RG_SEG
   11:	  0107	43 90 0F		ORL 	P1,#00001111B
   12:
   13:	  010A	E5 A0		LOOP: 	MOV 	A,P2
   14:	  010C	F4			CPL 	A
   15:	  010D	54 FF			ANL 	A,#0FFH
   16:	  010F	FF			MOV 	R7,A
   17:
   18:	  0110	75 F0 08		MOV 	B,#00001000B ; -
   19:	  0113	EF			MOV 	A,R7
   20:	  0114	60 43			JZ 	SHOW
   21:
   22:	  0116	75 F0 77		MOV 	B,#77H ; 0
   23:	  0119	EF			MOV 	A,R7
   24:	  011A	64 01			XRL 	A,#01H
   25:	  011C	60 3B			JZ 	SHOW
   26:
   27:	  011E	75 F0 11		MOV 	B,#11H ; 1
   28:	  0121	EF			MOV 	A,R7
   29:	  0122	64 02			XRL 	A,#02H
   30:	  0124	60 33			JZ 	SHOW
   31:
   32:	  0126	75 F0 6D		MOV 	B,#6DH ; 2
   33:	  0129	EF			MOV 	A,R7
   34:	  012A	64 04			XRL 	A,#04H
   35:	  012C	60 2B			JZ 	SHOW
   36:
   37:	  012E	75 F0 5D		MOV 	B,#5DH ; 3
   38:	  0131	EF			MOV 	A,R7
   39:	  0132	64 08			XRL 	A,#08H
   40:	  0134	60 23			JZ 	SHOW
   41:
   42:	  0136	75 F0 1B		MOV 	B,#1BH ; 4
   43:	  0139	EF			MOV 	A,R7

ASEM-51 V1.3                                         Copyright (c) 2002 by W.W. Heinz                                         PAGE 2



 Line  I  Addr  Code            Source

   44:	  013A	64 10			XRL 	A,#10H
   45:	  013C	60 1B			JZ 	SHOW
   46:
   47:	  013E	75 F0 5E		MOV 	B,#5EH ; 5
   48:	  0141	EF			MOV 	A,R7
   49:	  0142	64 20			XRL 	A,#20H
   50:	  0144	60 13			JZ 	SHOW
   51:
   52:	  0146	75 F0 7E		MOV 	B,#7EH ; 6
   53:	  0149	EF			MOV 	A,R7
   54:	  014A	64 40			XRL 	A,#40H
   55:	  014C	60 0B			JZ 	SHOW
   56:
   57:	  014E	75 F0 15		MOV 	B,#15H ; 7
   58:	  0151	EF			MOV 	A,R7
   59:	  0152	64 80			XRL 	A,#80H
   60:	  0154	60 03			JZ 	SHOW
   61:
   62:	  0156	75 F0 6E		MOV 	B,#01101110B ; E
   63:
   64:	  0159	E5 F0		SHOW: 	MOV 	A,B
   65:	  015B	F4			CPL 	A
   66:	  015C	F5 80			MOV 	PT_SEG,A
   67:	  015E	12 01 63		CALL 	DELAY
   68:	  0161	80 A7			JMP 	LOOP
   69:	  0163	75 F0 00	Delay: 	MOV 	B,#00H
   70:	  0166	74 00			MOV 	A,#00H
   71:	  0168	D5 E0 FD	_DLY00: DJNZ 	Acc,_DLY00
   72:	  016B	D5 F0 FA		DJNZ 	B,_DLY00
   73:	  016E	22			RET
   74:
   75:					END





                     register banks used:  ---

                     no errors




ASEM-51 V1.3                                         Copyright (c) 2002 by W.W. Heinz                                         PAGE 3





	       L I S T   O F   S Y M B O L S
	       =============================


SYMBOL				  TYPE     VALUE	LINE
------------------------------------------------------------
??ASEM_51			  NUMBER    8051
??VERSION			  NUMBER    0130
AC				  BIT	      D6
ACC				  DATA	      E0
B				  DATA	      F0
CY				  BIT	      D7
DELAY				  CODE	    0163	  69
DPH				  DATA	      83
DPL				  DATA	      82
EA				  BIT	      AF
ES				  BIT	      AC
ET0				  BIT	      A9
ET1				  BIT	      AB
EX0				  BIT	      A8
EX1				  BIT	      AA
EXTI0				  CODE	    0003
EXTI1				  CODE	    0013
F0				  BIT	      D5
IE				  DATA	      A8
IE0				  BIT	      89
IE1				  BIT	      8B
INT0				  BIT	      B2
INT1				  BIT	      B3
IP				  DATA	      B8
IT0				  BIT	      88
IT1				  BIT	      8A
LF_SEG				  NUMBER    0094	   2
LOOP				  CODE	    010A	  13
OV				  BIT	      D2
P				  BIT	      D0
P0				  DATA	      80
P1				  DATA	      90
P2				  DATA	      A0
P3				  DATA	      B0
PCON				  DATA	      87
PS				  BIT	      BC
PSW				  DATA	      D0
PT0				  BIT	      B9
PT1				  BIT	      BB
PT_SEG				  NUMBER    0080	   4
PX0				  BIT	      B8
PX1				  BIT	      BA
RB8				  BIT	      9A
RD				  BIT	      B7
REN				  BIT	      9C
RESET				  CODE	    0000
RG_SEG				  NUMBER    0095	   3
RI				  BIT	      98
RS0				  BIT	      D3
RS1				  BIT	      D4

ASEM-51 V1.3                                         Copyright (c) 2002 by W.W. Heinz                                         PAGE 4



SYMBOL				  TYPE     VALUE	LINE
------------------------------------------------------------
RXD				  BIT	      B0
SBUF				  DATA	      99
SCON				  DATA	      98
SHOW				  CODE	    0159	  64
SINT				  CODE	    0023
SM0				  BIT	      9F
SM1				  BIT	      9E
SM2				  BIT	      9D
SP				  DATA	      81
T0				  BIT	      B4
T1				  BIT	      B5
TB8				  BIT	      9B
TCON				  DATA	      88
TF0				  BIT	      8D
TF1				  BIT	      8F
TH0				  DATA	      8C
TH1				  DATA	      8D
TI				  BIT	      99
TIMER0				  CODE	    000B
TIMER1				  CODE	    001B
TL0				  DATA	      8A
TL1				  DATA	      8B
TMOD				  DATA	      89
TR0				  BIT	      8C
TR1				  BIT	      8E
TXD				  BIT	      B1
WR				  BIT	      B6
_DLY00				  CODE	    0168	  71
