
ASEM-51 V1.3                                         Copyright (c) 2002 by W.W. Heinz                                         PAGE 1





       MCS-51 Family Macro Assembler   A S E M - 5 1   V 1.3
       =====================================================



	Source File:	C:\Users\nadth\OneDrive\Desktop\micro\Lab-Final\1\int.asm
	Object File:	C:\Users\nadth\OneDrive\Desktop\micro\Lab-Final\1\int.hex
	List File:	C:\Users\nadth\OneDrive\Desktop\micro\Lab-Final\1\int.lst



 Line  I  Addr  Code            Source

    1:		B      0094	LeO_Select	EQU P1.4
    2:		B      0095	Right_Select	EQU P1.5
    3:		D      0080	Segment_Port 	EQU P0
    4:		B      00B0	Pin_Intr0 	EQU P3.0
    5:		B      00B1	Pin_Intr1 	EQU P3.1
    6:
    7:		N      0000		ORG 	0000H
    8:	  0000	02 01 00		JMP 	START
    9:		N      0003		ORG 	0003H
   10:	  0003	02 01 0D		JMP 	EX0_ISR
   11:		N      0100		ORG 	0100H
   12:	  0100	D2 88		START: 	SETB 	IT0 ; Edge Trigger
   13:	  0102	75 A8 81		MOV 	IE,#10000001B
   14:	  0105	7F 50			MOV 	R7,#50H
   15:	  0107			Main_Loop:
   16:	  0107	EF			MOV 	A,R7
   17:	  0108	12 01 29		CALL 	Show_7Segment
   18:	  010B	80 FA			JMP 	Main_Loop
   19:				;========================================
   20:	  010D			EX0_ISR:
   21:	  010D	C0 F0			PUSH 	B
   22:	  010F	C0 E0			PUSH 	Acc
   23:	  0111	0F			INC 	R7
   24:	  0112	12 01 1F		CALL 	Debounce
   25:	  0115	12 01 1F		CALL 	Debounce
   26:	  0118	C2 89			CLR 	IE0 ; Clear Ext.Intr_1 Flag
   27:	  011A	D0 E0			POP 	Acc
   28:	  011C	D0 F0			POP 	B
   29:	  011E	32			RETI ; Return from Interrupt
   30:				;========================================
   31:	  011F			Debounce:
   32:	  011F	E4			CLR 	A
   33:	  0120	F5 F0			MOV 	B,A
   34:	  0122	D5 E0 FD	_Dly00:	DJNZ 	Acc,_Dly00
   35:	  0125	D5 F0 FA		DJNZ 	B,_Dly00
   36:	  0128	22			RET
   37:				;========================================
   38:	  0129			Show_7Segment:
   39:	  0129	D2 94			SETB 	LeO_Select
   40:	  012B	C2 95			CLR 	Right_Select
   41:	  012D	C0 E0			PUSH 	Acc
   42:	  012F	12 01 39		CALL 	_Show0
   43:	  0132	D0 E0			POP 	Acc

ASEM-51 V1.3                                         Copyright (c) 2002 by W.W. Heinz                                         PAGE 2



 Line  I  Addr  Code            Source

   44:	  0134	C4			SWAP 	A
   45:	  0135	C2 94			CLR 	LeO_Select
   46:	  0137	D2 95			SETB 	Right_Select
   47:
   48:	  0139	54 0F		_Show0: ANL 	A,#0FH ; 0nly 0-F
   49:	  013B	90 01 47		MOV 	DPTR,#CODE_TABLE
   50:	  013E	93			MOVC 	A,@A+DPTR
   51:	  013F	F4			CPL 	A
   52:	  0140	F5 80			MOV 	Segment_Port,A
   53:	  0142	E4			CLR	A
   54:	  0143	D5 E0 FD		DJNZ 	Acc,$
   55:	  0146	22			RET
   56:
   57:	  0147			CODE_TABLE:
   58:	  0147	77 11 6D 5D		DB 77H, 11H, 6DH, 5DH ; Code 0123
   59:	  014B	1B 5E 7E 15		DB 1BH, 5EH, 7EH, 15H ; Code 4567
   60:	  014F	7F 5F 3F 7A		DB 7FH, 5FH, 3FH, 7AH ; Code 89ab
   61:	  0153	66 79 6E 2E		DB 66H, 79H, 6EH, 2EH ; Code cdef
   62:
   63:					END





                     register banks used:  ---

                     no errors




ASEM-51 V1.3                                         Copyright (c) 2002 by W.W. Heinz                                         PAGE 3





	       L I S T   O F   S Y M B O L S
	       =============================


SYMBOL				  TYPE     VALUE	LINE
------------------------------------------------------------
??ASEM_51			  NUMBER    8051
??VERSION			  NUMBER    0130
AC				  BIT	      D6
ACC				  DATA	      E0
B				  DATA	      F0
CODE_TABLE			  CODE	    0147	  57
CY				  BIT	      D7
DEBOUNCE			  CODE	    011F	  31
DPH				  DATA	      83
DPL				  DATA	      82
EA				  BIT	      AF
ES				  BIT	      AC
ET0				  BIT	      A9
ET1				  BIT	      AB
EX0				  BIT	      A8
EX0_ISR				  CODE	    010D	  20
EX1				  BIT	      AA
EXTI0				  CODE	    0003
EXTI1				  CODE	    0013
F0				  BIT	      D5
IE				  DATA	      A8
IE0				  BIT	      89
IE1				  BIT	      8B
INT0				  BIT	      B2
INT1				  BIT	      B3
IP				  DATA	      B8
IT0				  BIT	      88
IT1				  BIT	      8A
LEO_SELECT			  NUMBER    0094	   1
MAIN_LOOP			  CODE	    0107	  15
OV				  BIT	      D2
P				  BIT	      D0
P0				  DATA	      80
P1				  DATA	      90
P2				  DATA	      A0
P3				  DATA	      B0
PCON				  DATA	      87
PIN_INTR0			  NUMBER    00B0	   4
PIN_INTR1			  NUMBER    00B1	   5
PS				  BIT	      BC
PSW				  DATA	      D0
PT0				  BIT	      B9
PT1				  BIT	      BB
PX0				  BIT	      B8
PX1				  BIT	      BA
RB8				  BIT	      9A
RD				  BIT	      B7
REN				  BIT	      9C
RESET				  CODE	    0000
RI				  BIT	      98

ASEM-51 V1.3                                         Copyright (c) 2002 by W.W. Heinz                                         PAGE 4



SYMBOL				  TYPE     VALUE	LINE
------------------------------------------------------------
RIGHT_SELECT			  NUMBER    0095	   2
RS0				  BIT	      D3
RS1				  BIT	      D4
RXD				  BIT	      B0
SBUF				  DATA	      99
SCON				  DATA	      98
SEGMENT_PORT			  NUMBER    0080	   3
SHOW_7SEGMENT			  CODE	    0129	  38
SINT				  CODE	    0023
SM0				  BIT	      9F
SM1				  BIT	      9E
SM2				  BIT	      9D
SP				  DATA	      81
START				  CODE	    0100	  12
T0				  BIT	      B4
T1				  BIT	      B5
TB8				  BIT	      9B
TCON				  DATA	      88
TF0				  BIT	      8D
TF1				  BIT	      8F
TH0				  DATA	      8C
TH1				  DATA	      8D
TI				  BIT	      99
TIMER0				  CODE	    000B
TIMER1				  CODE	    001B
TL0				  DATA	      8A
TL1				  DATA	      8B
TMOD				  DATA	      89
TR0				  BIT	      8C
TR1				  BIT	      8E
TXD				  BIT	      B1
WR				  BIT	      B6
_DLY00				  CODE	    0122	  34
_SHOW0				  CODE	    0139	  48
