
ASEM-51 V1.3                                         Copyright (c) 2002 by W.W. Heinz                                         PAGE 1





       MCS-51 Family Macro Assembler   A S E M - 5 1   V 1.3
       =====================================================



	Source File:	C:\Users\nadth\OneDrive\Desktop\micro\Lab-Final\1\int2.asm
	Object File:	C:\Users\nadth\OneDrive\Desktop\micro\Lab-Final\1\int2.hex
	List File:	C:\Users\nadth\OneDrive\Desktop\micro\Lab-Final\1\int2.lst



 Line  I  Addr  Code            Source

    1:		B      0094	LeO_Select	EQU P1.4
    2:		B      0095	Right_Select	EQU P1.5
    3:		D      0080	Segment_Port 	EQU P0
    4:		B      00B0	Pin_Intr0 	EQU P3.0
    5:		B      00B1	Pin_Intr1 	EQU P3.1
    6:
    7:		N      0000		ORG 	0000H
    8:	  0000	02 01 00		JMP 	START
    9:		N      0003		ORG 	0003H
   10:	  0003	02 01 0F		JMP 	EX0_ISR
   11:		N      0013		ORG 	0013H
   12:	  0013	02 01 21		JMP 	EX1_ROUTINE
   13:		N      0100		ORG 	0100H
   14:	  0100	D2 88		START: 	SETB 	IT0
   15:	  0102	D2 8A			SETB 	IT1 ; Edge Trigger
   16:	  0104	75 A8 85		MOV 	IE,#10000101B
   17:	  0107	7F 50			MOV 	R7,#50H
   18:	  0109			Main_Loop:
   19:	  0109	EF			MOV 	A,R7
   20:	  010A	12 01 3D		CALL 	Show_7Segment
   21:	  010D	80 FA			JMP 	Main_Loop
   22:				;========================================
   23:	  010F			EX0_ISR:
   24:	  010F	C0 F0			PUSH 	B
   25:	  0111	C0 E0			PUSH 	Acc
   26:	  0113	0F			INC 	R7
   27:	  0114	12 01 33		CALL 	Debounce
   28:	  0117	12 01 33		CALL 	Debounce
   29:	  011A	C2 89			CLR 	IE0 ; Clear Ext.Intr_1 Flag
   30:	  011C	D0 E0			POP 	Acc
   31:	  011E	D0 F0			POP 	B
   32:	  0120	32			RETI ; Return from Interrupt
   33:
   34:				;========================================
   35:	  0121			EX1_ROUTINE:
   36:	  0121	C0 F0			PUSH B
   37:	  0123	C0 E0			PUSH 	Acc
   38:	  0125	1F			DEC 	R7
   39:	  0126	12 01 33		CALL 	Debounce
   40:	  0129	12 01 33		CALL 	Debounce
   41:	  012C	C2 8B			CLR 	IE1 ; Clear Ext.Intr_1 Flag
   42:	  012E	D0 E0			POP 	Acc
   43:	  0130	D0 F0			POP 	B

ASEM-51 V1.3                                         Copyright (c) 2002 by W.W. Heinz                                         PAGE 2



 Line  I  Addr  Code            Source

   44:	  0132	32			RETI ; Return from Interrupt
   45:				;========================================
   46:	  0133			Debounce:
   47:	  0133	E4			CLR 	A
   48:	  0134	F5 F0			MOV 	B,A
   49:	  0136	D5 E0 FD	_Dly00:	DJNZ 	Acc,_Dly00
   50:	  0139	D5 F0 FA		DJNZ 	B,_Dly00
   51:	  013C	22			RET
   52:				;========================================
   53:	  013D			Show_7Segment:
   54:	  013D	D2 94			SETB 	LeO_Select
   55:	  013F	C2 95			CLR 	Right_Select
   56:	  0141	C0 E0			PUSH 	Acc
   57:	  0143	12 01 4D		CALL 	_Show0
   58:	  0146	D0 E0			POP 	Acc
   59:	  0148	C4			SWAP 	A
   60:	  0149	C2 94			CLR 	LeO_Select
   61:	  014B	D2 95			SETB 	Right_Select
   62:
   63:	  014D	54 0F		_Show0: ANL 	A,#0FH ; 0nly 0-F
   64:	  014F	90 01 5B		MOV 	DPTR,#CODE_TABLE
   65:	  0152	93			MOVC 	A,@A+DPTR
   66:	  0153	F4			CPL 	A
   67:	  0154	F5 80			MOV 	Segment_Port,A
   68:	  0156	E4			CLR	A
   69:	  0157	D5 E0 FD		DJNZ 	Acc,$
   70:	  015A	22			RET
   71:
   72:	  015B			CODE_TABLE:
   73:	  015B	77 11 6D 5D		DB 77H, 11H, 6DH, 5DH ; Code 0123
   74:	  015F	1B 5E 7E 15		DB 1BH, 5EH, 7EH, 15H ; Code 4567
   75:	  0163	7F 5F 3F 7A		DB 7FH, 5FH, 3FH, 7AH ; Code 89ab
   76:	  0167	66 79 6E 2E		DB 66H, 79H, 6EH, 2EH ; Code cdef
   77:
   78:					END





                     register banks used:  ---

                     no errors




ASEM-51 V1.3                                         Copyright (c) 2002 by W.W. Heinz                                         PAGE 3





	       L I S T   O F   S Y M B O L S
	       =============================


SYMBOL				  TYPE     VALUE	LINE
------------------------------------------------------------
??ASEM_51			  NUMBER    8051
??VERSION			  NUMBER    0130
AC				  BIT	      D6
ACC				  DATA	      E0
B				  DATA	      F0
CODE_TABLE			  CODE	    015B	  72
CY				  BIT	      D7
DEBOUNCE			  CODE	    0133	  46
DPH				  DATA	      83
DPL				  DATA	      82
EA				  BIT	      AF
ES				  BIT	      AC
ET0				  BIT	      A9
ET1				  BIT	      AB
EX0				  BIT	      A8
EX0_ISR				  CODE	    010F	  23
EX1				  BIT	      AA
EX1_ROUTINE			  CODE	    0121	  35
EXTI0				  CODE	    0003
EXTI1				  CODE	    0013
F0				  BIT	      D5
IE				  DATA	      A8
IE0				  BIT	      89
IE1				  BIT	      8B
INT0				  BIT	      B2
INT1				  BIT	      B3
IP				  DATA	      B8
IT0				  BIT	      88
IT1				  BIT	      8A
LEO_SELECT			  NUMBER    0094	   1
MAIN_LOOP			  CODE	    0109	  18
OV				  BIT	      D2
P				  BIT	      D0
P0				  DATA	      80
P1				  DATA	      90
P2				  DATA	      A0
P3				  DATA	      B0
PCON				  DATA	      87
PIN_INTR0			  NUMBER    00B0	   4
PIN_INTR1			  NUMBER    00B1	   5
PS				  BIT	      BC
PSW				  DATA	      D0
PT0				  BIT	      B9
PT1				  BIT	      BB
PX0				  BIT	      B8
PX1				  BIT	      BA
RB8				  BIT	      9A
RD				  BIT	      B7
REN				  BIT	      9C
RESET				  CODE	    0000

ASEM-51 V1.3                                         Copyright (c) 2002 by W.W. Heinz                                         PAGE 4



SYMBOL				  TYPE     VALUE	LINE
------------------------------------------------------------
RI				  BIT	      98
RIGHT_SELECT			  NUMBER    0095	   2
RS0				  BIT	      D3
RS1				  BIT	      D4
RXD				  BIT	      B0
SBUF				  DATA	      99
SCON				  DATA	      98
SEGMENT_PORT			  NUMBER    0080	   3
SHOW_7SEGMENT			  CODE	    013D	  53
SINT				  CODE	    0023
SM0				  BIT	      9F
SM1				  BIT	      9E
SM2				  BIT	      9D
SP				  DATA	      81
START				  CODE	    0100	  14
T0				  BIT	      B4
T1				  BIT	      B5
TB8				  BIT	      9B
TCON				  DATA	      88
TF0				  BIT	      8D
TF1				  BIT	      8F
TH0				  DATA	      8C
TH1				  DATA	      8D
TI				  BIT	      99
TIMER0				  CODE	    000B
TIMER1				  CODE	    001B
TL0				  DATA	      8A
TL1				  DATA	      8B
TMOD				  DATA	      89
TR0				  BIT	      8C
TR1				  BIT	      8E
TXD				  BIT	      B1
WR				  BIT	      B6
_DLY00				  CODE	    0136	  49
_SHOW0				  CODE	    014D	  63
