
ASEM-51 V1.3                                         Copyright (c) 2002 by W.W. Heinz                                         PAGE 1





       MCS-51 Family Macro Assembler   A S E M - 5 1   V 1.3
       =====================================================



	Source File:	C:\Users\nadth\OneDrive\Desktop\micro\Lab6\1\blink.asm
	Object File:	C:\Users\nadth\OneDrive\Desktop\micro\Lab6\1\blink.hex
	List File:	C:\Users\nadth\OneDrive\Desktop\micro\Lab6\1\blink.lst



 Line  I  Addr  Code            Source

    1:		N      0000		ORG 0000H
    2:	  0000	21 00			JMP 0100H
    3:
    4:		N      0100		ORG 0100H
    5:	  0100	C2 AF			CLR EA
    6:	  0102	75 81 3F		MOV SP,#3FH
    7:	  0105	D2 B7		LOOP: 	SETB P3.7
    8:	  0107	12 01 2F		CALL Delay
    9:	  010A	C2 B7			CLR P3.7
   10:	  010C	12 01 2F		CALL Delay
   11:	  010F	D2 B7			SETB P3.7
   12:	  0111	12 01 2F		CALL Delay
   13:	  0114	C2 B7			CLR P3.7
   14:	  0116	12 01 2F		CALL Delay
   15:	  0119	D2 B7			SETB P3.7
   16:	  011B	12 01 2F		CALL Delay
   17:	  011E	12 01 2F		CALL Delay
   18:	  0121	12 01 2F		CALL Delay
   19:	  0124	12 01 2F		CALL Delay
   20:	  0127	12 01 2F		CALL Delay
   21:	  012A	12 01 2F		CALL Delay
   22:	  012D	80 D6			JMP LOOP
   23:
   24:	  012F	C0 F0		Delay: 	PUSH B
   25:	  0131	C0 00			PUSH 00H
   26:	  0133	C0 E0			PUSH Acc
   27:	  0135	75 00 08		MOV 00H,#8
   28:	  0138	74 64		_DLY02: MOV A,#100
   29:	  013A	75 F0 64	_DLY01: MOV B,#100
   30:	  013D	D5 F0 FD	_DLY00: DJNZ B,_DLY00
   31:	  0140	D5 E0 F7		DJNZ Acc,_DLY01
   32:	  0143	D5 00 F2		DJNZ 00H,_DLY02
   33:	  0146	D0 E0			POP Acc
   34:	  0148	D0 00			POP 00H
   35:	  014A	D0 F0			POP B
   36:	  014C	22			RET
   37:					END





                     register banks used:  ---

ASEM-51 V1.3                                         Copyright (c) 2002 by W.W. Heinz                                         PAGE 2




                     no errors




ASEM-51 V1.3                                         Copyright (c) 2002 by W.W. Heinz                                         PAGE 3





	       L I S T   O F   S Y M B O L S
	       =============================


SYMBOL				  TYPE     VALUE	LINE
------------------------------------------------------------
??ASEM_51			  NUMBER    8051
??VERSION			  NUMBER    0130
AC				  BIT	      D6
ACC				  DATA	      E0
B				  DATA	      F0
CY				  BIT	      D7
DELAY				  CODE	    012F	  24
DPH				  DATA	      83
DPL				  DATA	      82
EA				  BIT	      AF
ES				  BIT	      AC
ET0				  BIT	      A9
ET1				  BIT	      AB
EX0				  BIT	      A8
EX1				  BIT	      AA
EXTI0				  CODE	    0003
EXTI1				  CODE	    0013
F0				  BIT	      D5
IE				  DATA	      A8
IE0				  BIT	      89
IE1				  BIT	      8B
INT0				  BIT	      B2
INT1				  BIT	      B3
IP				  DATA	      B8
IT0				  BIT	      88
IT1				  BIT	      8A
LOOP				  CODE	    0105	   7
OV				  BIT	      D2
P				  BIT	      D0
P0				  DATA	      80
P1				  DATA	      90
P2				  DATA	      A0
P3				  DATA	      B0
PCON				  DATA	      87
PS				  BIT	      BC
PSW				  DATA	      D0
PT0				  BIT	      B9
PT1				  BIT	      BB
PX0				  BIT	      B8
PX1				  BIT	      BA
RB8				  BIT	      9A
RD				  BIT	      B7
REN				  BIT	      9C
RESET				  CODE	    0000
RI				  BIT	      98
RS0				  BIT	      D3
RS1				  BIT	      D4
RXD				  BIT	      B0
SBUF				  DATA	      99
SCON				  DATA	      98

ASEM-51 V1.3                                         Copyright (c) 2002 by W.W. Heinz                                         PAGE 4



SYMBOL				  TYPE     VALUE	LINE
------------------------------------------------------------
SINT				  CODE	    0023
SM0				  BIT	      9F
SM1				  BIT	      9E
SM2				  BIT	      9D
SP				  DATA	      81
T0				  BIT	      B4
T1				  BIT	      B5
TB8				  BIT	      9B
TCON				  DATA	      88
TF0				  BIT	      8D
TF1				  BIT	      8F
TH0				  DATA	      8C
TH1				  DATA	      8D
TI				  BIT	      99
TIMER0				  CODE	    000B
TIMER1				  CODE	    001B
TL0				  DATA	      8A
TL1				  DATA	      8B
TMOD				  DATA	      89
TR0				  BIT	      8C
TR1				  BIT	      8E
TXD				  BIT	      B1
WR				  BIT	      B6
_DLY00				  CODE	    013D	  30
_DLY01				  CODE	    013A	  29
_DLY02				  CODE	    0138	  28
