
ASEM-51 V1.3                                         Copyright (c) 2002 by W.W. Heinz                                         PAGE 1





       MCS-51 Family Macro Assembler   A S E M - 5 1   V 1.3
       =====================================================



	Source File:	C:\Users\nadth\Downloads\1.asm
	Object File:	C:\Users\nadth\Downloads\1.hex
	List File:	C:\Users\nadth\Downloads\1.lst



 Line  I  Addr  Code            Source

    1:		N      0000	ORG 0000H
    2:	  0000	21 00		    JMP 0100H
    3:		N      0100	    ORG 0100H
    4:	  0100	75 81 3F	    MOV SP,#3FH
    5:	  0103	C2 AF		    CLR EA
    6:	  0105	12 01 45	    CALL Delay_250M
    7:	  0108	12 01 72	    CALL Initial_Serial
    8:	  010B	12 01 C3	    CALL Send_ClrScr
    9:	  010E	7F 0A		    MOV R7,#10
   10:	  0110			Main_Loop:
   11:	  0110	90 01 F0	    MOV DPTR,#User
   12:	  0113	12 01 C8	    CALL Send_Table
   13:	  0116	12 01 BA	    CALL Send_LineFeed
   14:	  0119	12 01 3E	    CALL Delay_500M
   15:	  011C	DF F2		    DJNZ R7,Main_Loop
   16:	  011E	90 02 0E	    MOV DPTR,#MSG
   17:	  0121	12 01 C8	    CALL Send_Table
   18:	  0124	12 01 BA	    CALL Send_LineFeed
   19:	  0127	80 FE		    JMP $
   20:
   21:				$INCLUDE (myDelay.A51)
   22: 1  0129	C0 07		DELAY_4SEC: PUSH 07H ; Delay 80*50MilliSec
   23: 1  012B	7F 50		MOV R7,#80 ; = 4000MilliSec
   24: 1  012D	02 01 5A	JMP _DELAY_50M
   25: 1
   26: 1  0130	C0 07		DELAY_2SEC: PUSH 07H ; Delay 40*50MilliSec
   27: 1  0132	7F 28		MOV R7,#40 ; = 2000MilliSec
   28: 1  0134	02 01 5A	JMP _DELAY_50M
   29: 1
   30: 1  0137	C0 07		DELAY_1SEC: PUSH 07H ; Delay 20*50MilliSec
   31: 1  0139	7F 14		MOV R7,#20 ; = 1000MilliSec
   32: 1  013B	02 01 5A	JMP _DELAY_50M
   33: 1
   34: 1  013E	C0 07		DELAY_500M: PUSH 07H ; Delay 10*50MilliSec
   35: 1  0140	7F 0A		MOV R7,#10 ; = 500MilliSec
   36: 1  0142	02 01 5A	JMP _DELAY_50M
   37: 1
   38: 1  0145	C0 07		DELAY_250M: PUSH 07H ; Delay 5*50 MilliSec
   39: 1  0147	7F 05		MOV R7,#5 ; = 250 MilliSec
   40: 1  0149	02 01 5A	JMP _DELAY_50M
   41: 1
   42: 1  014C	C0 07		DELAY_100M: PUSH 07H ; Delay 2*50 MilliSec
   43: 1  014E	7F 02		MOV R7,#2 ; = 100 MilliSec

ASEM-51 V1.3                                         Copyright (c) 2002 by W.W. Heinz                                         PAGE 2



 Line  I  Addr  Code            Source

   44: 1  0150	02 01 5A	JMP _DELAY_50M
   45: 1
   46: 1  0153	C0 07		DELAY_50M: PUSH 07H ; Delay 1*50 MilliSec
   47: 1  0155	7F 01		MOV R7,#1 ; = 50 MilliSec
   48: 1  0157	02 01 5A	JMP _DELAY_50M
   49: 1  015A	C0 E0		_DELAY_50M: PUSH Acc
   50: 1  015C	C0 F0		PUSH B
   51: 1
   52: 1  015E	75 F0 C8	_DELAY_050M: MOV B,#200 ; Delay 50 MilliSec
   53: 1  0161	74 BF		_DELAY_250U: MOV A,#191 ; 1MC ,250 uSec
   54: 1
   55: 1  0163	D5 E0 FD	DJNZ Acc,$ ; 2MC ,(192-1)*0.651*2 = 250 uSec
   56: 1  0166	D5 F0 F8	DJNZ B,_DELAY_250U ; 250*200=50mS
   57: 1  0169	DF F3		DJNZ R7,_DELAY_050M ; 50*5 =250mS
   58: 1  016B	D0 F0		POP B
   59: 1  016D	D0 E0		POP Acc
   60: 1  016F	D0 07		POP 07H
   61: 1  0171	22		RET
   62:				$INCLUDE (mySerial.A51)
   63: 1  0172	75 89 21	Initial_Serial: MOV TMOD,#00100001B ; T1M2 T0M1
   64: 1  0175	75 98 50	MOV SCON,#01010000B ; Serial Mode1
   65: 1  0178	75 8D FB	MOV TH1,#0FBH ; 9600 FDH@18.432MHz
   66: 1  017B	74 00		MOV A,#00H ; FBH@18.432MHz
   67: 1  017D	F5 87		MOV PCON,A ; SMOD = 0
   68: 1  017F	C2 AF		CLR EA ; Disable All
   69: 1  0181	D2 8E		SETB TR1 ; Start Timer1
   70: 1  0183	22		RET
   71: 1
   72: 1			;========== Send Data to Serial Port ==========
   73: 1  0184	C0 E0		SEND_2HEX: PUSH Acc
   74: 1  0186	C4		SWAP A
   75: 1  0187	12 01 8C	CALL SEND_1HEX
   76: 1  018A	D0 E0		POP Acc
   77: 1  018C	C0 83		SEND_1HEX: PUSH DPH
   78: 1  018E	C0 82		PUSH DPL
   79: 1  0190	90 01 AA	MOV DPTR,#HEXASC_TAB
   80: 1  0193	54 0F		ANL A,#0FH
   81: 1  0195	93		MOVC A,@A+DPTR
   82: 1  0196	D0 82		POP DPL
   83: 1  0198	D0 83		POP DPH
   84: 1  019A	C0 A8		SEND_ASCII: PUSH IE
   85: 1  019C	C2 AC		CLR ES
   86: 1  019E	C2 99		CLR TI
   87: 1  01A0	F5 99		MOV SBUF,A
   88: 1  01A2	30 99 FD	JNB TI,$
   89: 1  01A5	C2 99		CLR TI
   90: 1  01A7	D0 A8		POP IE
   91: 1  01A9	22		RET
   92: 1
   93: 1  01AA	30 31 32 33	HEXASC_TAB: DB '0123456789ABCDEF'
       1  01AE	34 35 36 37
       1  01B2	38 39 41 42
       1  01B6	43 44 45 46
   94: 1			;========= Send Line Feed =================
   95: 1  01BA	74 0D		Send_LineFeed: MOV A,#0DH
   96: 1  01BC	31 9A		CALL Send_ASCII

ASEM-51 V1.3                                         Copyright (c) 2002 by W.W. Heinz                                         PAGE 3



 Line  I  Addr  Code            Source

   97: 1  01BE	74 0A		MOV A,#0AH
   98: 1  01C0	31 9A		CALL Send_ASCII
   99: 1  01C2	22		RET
  100: 1
  101: 1			;======== Send Line Feed ==================
  102: 1  01C3	74 0C		Send_ClrScr: MOV A,#0CH
  103: 1  01C5	31 9A		CALL Send_ASCII
  104: 1  01C7	22		RET
  105: 1
  106: 1			;== Send Data Table to Serial Start@DPTR to '00H' =
  107: 1  01C8	E4		Send_Table: CLR A
  108: 1  01C9	93		MOVC A,@A+DPTR
  109: 1  01CA	60 05		JZ _X_Send_Tab
  110: 1  01CC	31 9A		CALL SEND_ASCII
  111: 1  01CE	A3		INC DPTR
  112: 1  01CF	80 F7		JMP Send_Table
  113: 1
  114: 1  01D1	22		_X_Send_Tab: RET
  115: 1			;========= Send 1-Byte@Acc to SERIAL =========
  116: 1  01D2	C0 A8		TX_BYTE: PUSH IE
  117: 1  01D4	C2 AC		CLR ES
  118: 1  01D6	C2 99		CLR TI
  119: 1  01D8	F5 99		MOV SBUF,A
  120: 1  01DA	30 99 FD	JNB TI,$
  121: 1  01DD	C2 99		CLR TI
  122: 1  01DF	D0 A8		POP IE
  123: 1  01E1	22		RET
  124: 1
  125: 1			;====== Receive Data From SERIAL to Acc ========
  126: 1  01E2	C0 A8		RX_BYTE: PUSH IE
  127: 1  01E4	C2 AC		CLR ES
  128: 1  01E6	30 98 FD	JNB RI,$ ; Wait data
  129: 1  01E9	C2 98		CLR RI
  130: 1  01EB	E5 99		MOV A,SBUF
  131: 1  01ED	D0 A8		POP IE
  132: 1  01EF	22		RET
  133:
  134:	  01F0			User:
  135:	  01F0	42 36 35 31	    DB 'B6515652 NADTHAPAT PUTTARUKSA',00
	  01F4	35 36 35 32
	  01F8	20 4E 41 44
	  01FC	54 48 41 50
	  0200	41 54 20 50
	  0204	55 54 54 41
	  0208	52 55 4B 53
	  020C	41 00
  136:
  137:	  020E			MSG:
  138:	  020E	49 20 57 61	    DB 'I Want A',00
	  0212	6E 74 20 41
	  0216	00
  139:				END





ASEM-51 V1.3                                         Copyright (c) 2002 by W.W. Heinz                                         PAGE 4




                     register banks used:  ---

                     no errors




ASEM-51 V1.3                                         Copyright (c) 2002 by W.W. Heinz                                         PAGE 5





	       L I S T   O F   S Y M B O L S
	       =============================


SYMBOL				  TYPE     VALUE	LINE
------------------------------------------------------------
??ASEM_51			  NUMBER    8051
??VERSION			  NUMBER    0130
AC				  BIT	      D6
ACC				  DATA	      E0
B				  DATA	      F0
CY				  BIT	      D7
DELAY_100M			  CODE	    014C	  42
DELAY_1SEC			  CODE	    0137	  30
DELAY_250M			  CODE	    0145	  38
DELAY_2SEC			  CODE	    0130	  26
DELAY_4SEC			  CODE	    0129	  22
DELAY_500M			  CODE	    013E	  34
DELAY_50M			  CODE	    0153	  46
DPH				  DATA	      83
DPL				  DATA	      82
EA				  BIT	      AF
ES				  BIT	      AC
ET0				  BIT	      A9
ET1				  BIT	      AB
EX0				  BIT	      A8
EX1				  BIT	      AA
EXTI0				  CODE	    0003
EXTI1				  CODE	    0013
F0				  BIT	      D5
HEXASC_TAB			  CODE	    01AA	  93
IE				  DATA	      A8
IE0				  BIT	      89
IE1				  BIT	      8B
INITIAL_SERIAL			  CODE	    0172	  63
INT0				  BIT	      B2
INT1				  BIT	      B3
IP				  DATA	      B8
IT0				  BIT	      88
IT1				  BIT	      8A
MAIN_LOOP			  CODE	    0110	  10
MSG				  CODE	    020E	 137
OV				  BIT	      D2
P				  BIT	      D0
P0				  DATA	      80
P1				  DATA	      90
P2				  DATA	      A0
P3				  DATA	      B0
PCON				  DATA	      87
PS				  BIT	      BC
PSW				  DATA	      D0
PT0				  BIT	      B9
PT1				  BIT	      BB
PX0				  BIT	      B8
PX1				  BIT	      BA
RB8				  BIT	      9A

ASEM-51 V1.3                                         Copyright (c) 2002 by W.W. Heinz                                         PAGE 6



SYMBOL				  TYPE     VALUE	LINE
------------------------------------------------------------
RD				  BIT	      B7
REN				  BIT	      9C
RESET				  CODE	    0000
RI				  BIT	      98
RS0				  BIT	      D3
RS1				  BIT	      D4
RXD				  BIT	      B0
RX_BYTE				  CODE	    01E2	 126
SBUF				  DATA	      99
SCON				  DATA	      98
SEND_1HEX			  CODE	    018C	  77
SEND_2HEX			  CODE	    0184	  73
SEND_ASCII			  CODE	    019A	  84
SEND_CLRSCR			  CODE	    01C3	 102
SEND_LINEFEED			  CODE	    01BA	  95
SEND_TABLE			  CODE	    01C8	 107
SINT				  CODE	    0023
SM0				  BIT	      9F
SM1				  BIT	      9E
SM2				  BIT	      9D
SP				  DATA	      81
T0				  BIT	      B4
T1				  BIT	      B5
TB8				  BIT	      9B
TCON				  DATA	      88
TF0				  BIT	      8D
TF1				  BIT	      8F
TH0				  DATA	      8C
TH1				  DATA	      8D
TI				  BIT	      99
TIMER0				  CODE	    000B
TIMER1				  CODE	    001B
TL0				  DATA	      8A
TL1				  DATA	      8B
TMOD				  DATA	      89
TR0				  BIT	      8C
TR1				  BIT	      8E
TXD				  BIT	      B1
TX_BYTE				  CODE	    01D2	 116
USER				  CODE	    01F0	 134
WR				  BIT	      B6
_DELAY_050M			  CODE	    015E	  52
_DELAY_250U			  CODE	    0161	  53
_DELAY_50M			  CODE	    015A	  49
_X_SEND_TAB			  CODE	    01D1	 114
