
ASEM-51 V1.3                                         Copyright (c) 2002 by W.W. Heinz                                         PAGE 1





       MCS-51 Family Macro Assembler   A S E M - 5 1   V 1.3
       =====================================================



	Source File:	C:\Users\VICTUS\Downloads\rtrtr-20240406T063000Z-001\rtrtr\emul8051\eer.asm
	Object File:	C:\Users\VICTUS\Downloads\rtrtr-20240406T063000Z-001\rtrtr\emul8051\eer.hex
	List File:	C:\Users\VICTUS\Downloads\rtrtr-20240406T063000Z-001\rtrtr\emul8051\eer.lst



 Line  I  Addr  Code            Source

    1:		N      8100	ORG	8100H
    2:	  8100	75 F0 56		MOV	B,#56H	; Data Fill
    3:	  8103	90 91 00		MOV	DPTR,#9100H
    4:
    5:	  8106	E5 F0		Loop_Fill:	MOV	A,B	; ReLoad Data
    6:	  8108	F0			MOVX	@DPTR,A
    7:	  8109	A3			INC	DPTR
    8:	  810A	05 F0			INC	B
    9:
   10:	  810C	E5 83			MOV	A,DPH
   11:	  810E	B4 92 F5		CJNE	A,#92H,Loop_Fill
   12:	  8111	E5 82			MOV	A,DPL
   13:	  8113	B4 40 F0		CJNE	A,#40H,Loop_Fill
   14:
   15:	  8116	80 FE			SJMP	$
   16:
   17:					END





                     register banks used:  ---

                     no errors




ASEM-51 V1.3                                         Copyright (c) 2002 by W.W. Heinz                                         PAGE 2





	       L I S T   O F   S Y M B O L S
	       =============================


SYMBOL				  TYPE     VALUE	LINE
------------------------------------------------------------
??ASEM_51			  NUMBER    8051
??VERSION			  NUMBER    0130
AC				  BIT	      D6
ACC				  DATA	      E0
B				  DATA	      F0
CY				  BIT	      D7
DPH				  DATA	      83
DPL				  DATA	      82
EA				  BIT	      AF
ES				  BIT	      AC
ET0				  BIT	      A9
ET1				  BIT	      AB
EX0				  BIT	      A8
EX1				  BIT	      AA
EXTI0				  CODE	    0003
EXTI1				  CODE	    0013
F0				  BIT	      D5
IE				  DATA	      A8
IE0				  BIT	      89
IE1				  BIT	      8B
INT0				  BIT	      B2
INT1				  BIT	      B3
IP				  DATA	      B8
IT0				  BIT	      88
IT1				  BIT	      8A
LOOP_FILL			  CODE	    8106	   5
OV				  BIT	      D2
P				  BIT	      D0
P0				  DATA	      80
P1				  DATA	      90
P2				  DATA	      A0
P3				  DATA	      B0
PCON				  DATA	      87
PS				  BIT	      BC
PSW				  DATA	      D0
PT0				  BIT	      B9
PT1				  BIT	      BB
PX0				  BIT	      B8
PX1				  BIT	      BA
RB8				  BIT	      9A
RD				  BIT	      B7
REN				  BIT	      9C
RESET				  CODE	    0000
RI				  BIT	      98
RS0				  BIT	      D3
RS1				  BIT	      D4
RXD				  BIT	      B0
SBUF				  DATA	      99
SCON				  DATA	      98
SINT				  CODE	    0023

ASEM-51 V1.3                                         Copyright (c) 2002 by W.W. Heinz                                         PAGE 3



SYMBOL				  TYPE     VALUE	LINE
------------------------------------------------------------
SM0				  BIT	      9F
SM1				  BIT	      9E
SM2				  BIT	      9D
SP				  DATA	      81
T0				  BIT	      B4
T1				  BIT	      B5
TB8				  BIT	      9B
TCON				  DATA	      88
TF0				  BIT	      8D
TF1				  BIT	      8F
TH0				  DATA	      8C
TH1				  DATA	      8D
TI				  BIT	      99
TIMER0				  CODE	    000B
TIMER1				  CODE	    001B
TL0				  DATA	      8A
TL1				  DATA	      8B
TMOD				  DATA	      89
TR0				  BIT	      8C
TR1				  BIT	      8E
TXD				  BIT	      B1
WR				  BIT	      B6
