
ASEM-51 V1.3                                         Copyright (c) 2002 by W.W. Heinz                                         PAGE 1





       MCS-51 Family Macro Assembler   A S E M - 5 1   V 1.3
       =====================================================



	Source File:	C:\Users\nadth\OneDrive\Desktop\micro\Lab6\3\0-F change seg.asm
	Object File:	C:\Users\nadth\OneDrive\Desktop\micro\Lab6\3\0-F change seg.hex
	List File:	C:\Users\nadth\OneDrive\Desktop\micro\Lab6\3\0-F change seg.lst



 Line  I  Addr  Code            Source

    1:		B      0094	LF_SEG 	EQU P1.4
    2:		B      0095	RG_SEG 	EQU P1.5
    3:		D      0080	PT_SEG 	EQU P0
    4:
    5:		N      0000		ORG 0000H
    6:	  0000	21 00			JMP 0100H
    7:
    8:		N      0100		ORG 	0100H
    9:	  0100	75 81 2F		MOV 	SP,#2FH
   10:	  0103	C2 95			CLR 	RG_SEG
   11:	  0105	D2 94			SETB 	LF_SEG
   12:	  0107	7F 00			MOV 	R7,#00
   13:
   14:	  0109			LOOP:
   15:	  0109	EF			MOV 	A,R7
   16:	  010A	54 0F			ANL 	A,#0FH
   17:	  010C	90 01 1F		MOV 	DPTR,#T_SEG
   18:	  010F	93			MOVC 	A,@A+DPTR
   19:	  0110	F4			CPL 	A
   20:	  0111	F5 80			MOV 	PT_SEG,A
   21:	  0113	12 01 40		CALL 	DELAY
   22:	  0116	12 01 40		CALL 	DELAY
   23:	  0119	0F			INC	R7
   24:	  011A	BF 10 EC		CJNE 	R7,#16,LOOP
   25:	  011D	80 EA			JMP 	LOOP
   26:
   27:
   28:	  011F			T_SEG:
   29:	  011F	40			DB 40H    ; _
   30:	  0120	7A			DB 7AH    ; B
   31:	  0121	7E			DB 7EH    ; 6
   32:	  0122	5E			DB 5EH    ; 5
   33:	  0123	11			DB 11H    ; 1
   34:	  0124	5E			DB 5EH    ; 5
   35:	  0125	7E			DB 7EH    ; 6
   36:	  0126	5E			DB 5EH    ; 5
   37:	  0127	6D			DB 6DH    ; 2
   38:	  0128	00			DB 00H    ;
   39:	  0129	1F			DB 1FH    ; G
   40:	  012A	28			DB 28H	  ; R
   41:	  012B	3F			DB 3FH    ; A
   42:	  012C	79			DB 79H    ; D
   43:	  012D	6E			DB 6EH    ; E

ASEM-51 V1.3                                         Copyright (c) 2002 by W.W. Heinz                                         PAGE 2



 Line  I  Addr  Code            Source

   44:	  012E	48			DB 48H    ; =
   45:	  012F	3F			DB 3FH    ; A
   46:
   47:	  0130			T_SEG1:
   48:	  0130	77			DB 77H    ; 0
   49:	  0131	11			DB 11H    ; 1
   50:	  0132	6D			DB 6DH    ; 2
   51:	  0133	5D			DB 5DH    ; 3
   52:	  0134	1B			DB 1BH    ; 4
   53:	  0135	5E			DB 5EH    ; 5
   54:	  0136	7E			DB 7EH    ; 6
   55:	  0137	15			DB 15H    ; 7
   56:	  0138	7F			DB 7FH    ; 8
   57:	  0139	5F			DB 5FH    ; 9
   58:	  013A	3F			DB 3FH    ; A
   59:	  013B	7A			DB 7AH	  ; B
   60:	  013C	66			DB 66H    ; C
   61:	  013D	79			DB 79H    ; D
   62:	  013E	6E			DB 6EH    ; E
   63:	  013F	2E			DB 2EH    ; F
   64:
   65:	  0140			Delay:
   66:	  0140	78 05			MOV 	R0, #5
   67:	  0142	75 F0 96		MOV 	B,#150
   68:	  0145	74 96			MOV 	A,#150
   69:	  0147			_DLY00:
   70:	  0147	D5 E0 FD		DJNZ 	Acc,_DLY00
   71:	  014A	D5 F0 FA		DJNZ 	B,_DLY00
   72:	  014D	D8 F8			DJNZ 	R0,_DLY00
   73:	  014F	22			RET
   74:
   75:					END





                     register banks used:  ---

                     no errors




ASEM-51 V1.3                                         Copyright (c) 2002 by W.W. Heinz                                         PAGE 3





	       L I S T   O F   S Y M B O L S
	       =============================


SYMBOL				  TYPE     VALUE	LINE
------------------------------------------------------------
??ASEM_51			  NUMBER    8051
??VERSION			  NUMBER    0130
AC				  BIT	      D6
ACC				  DATA	      E0
B				  DATA	      F0
CY				  BIT	      D7
DELAY				  CODE	    0140	  65
DPH				  DATA	      83
DPL				  DATA	      82
EA				  BIT	      AF
ES				  BIT	      AC
ET0				  BIT	      A9
ET1				  BIT	      AB
EX0				  BIT	      A8
EX1				  BIT	      AA
EXTI0				  CODE	    0003
EXTI1				  CODE	    0013
F0				  BIT	      D5
IE				  DATA	      A8
IE0				  BIT	      89
IE1				  BIT	      8B
INT0				  BIT	      B2
INT1				  BIT	      B3
IP				  DATA	      B8
IT0				  BIT	      88
IT1				  BIT	      8A
LF_SEG				  NUMBER    0094	   1
LOOP				  CODE	    0109	  14
OV				  BIT	      D2
P				  BIT	      D0
P0				  DATA	      80
P1				  DATA	      90
P2				  DATA	      A0
P3				  DATA	      B0
PCON				  DATA	      87
PS				  BIT	      BC
PSW				  DATA	      D0
PT0				  BIT	      B9
PT1				  BIT	      BB
PT_SEG				  NUMBER    0080	   3
PX0				  BIT	      B8
PX1				  BIT	      BA
RB8				  BIT	      9A
RD				  BIT	      B7
REN				  BIT	      9C
RESET				  CODE	    0000
RG_SEG				  NUMBER    0095	   2
RI				  BIT	      98
RS0				  BIT	      D3
RS1				  BIT	      D4

ASEM-51 V1.3                                         Copyright (c) 2002 by W.W. Heinz                                         PAGE 4



SYMBOL				  TYPE     VALUE	LINE
------------------------------------------------------------
RXD				  BIT	      B0
SBUF				  DATA	      99
SCON				  DATA	      98
SINT				  CODE	    0023
SM0				  BIT	      9F
SM1				  BIT	      9E
SM2				  BIT	      9D
SP				  DATA	      81
T0				  BIT	      B4
T1				  BIT	      B5
TB8				  BIT	      9B
TCON				  DATA	      88
TF0				  BIT	      8D
TF1				  BIT	      8F
TH0				  DATA	      8C
TH1				  DATA	      8D
TI				  BIT	      99
TIMER0				  CODE	    000B
TIMER1				  CODE	    001B
TL0				  DATA	      8A
TL1				  DATA	      8B
TMOD				  DATA	      89
TR0				  BIT	      8C
TR1				  BIT	      8E
TXD				  BIT	      B1
T_SEG				  CODE	    011F	  28
T_SEG1				  CODE	    0130	  47
WR				  BIT	      B6
_DLY00				  CODE	    0147	  69
