
ASEM-51 V1.3                                         Copyright (c) 2002 by W.W. Heinz                                         PAGE 1





       MCS-51 Family Macro Assembler   A S E M - 5 1   V 1.3
       =====================================================



	Source File:	C:\Users\nadth\OneDrive\Desktop\micro\Lab6\6\LAB56.asm
	Object File:	C:\Users\nadth\OneDrive\Desktop\micro\Lab6\6\LAB56.hex
	List File:	C:\Users\nadth\OneDrive\Desktop\micro\Lab6\6\LAB56.lst



 Line  I  Addr  Code            Source

    1:
    2:		N      0020	Count 		EQU 	20H
    3:		B      0090	SW_P10 		EQU 	P1.0
    4:		B      0091	SW_P11 		EQU 	P1.1
    5:		B      0092	SW_P12 		EQU 	P1.2
    6:		B      0093	SW_P13 		EQU 	P1.3
    7:
    8:		N      0000			ORG 	0000H
    9:	  0000	21 00				JMP 	0100H
   10:		N      0100			ORG 	0100H
   11:	  0100	75 81 2F			MOV 	SP,#2FH
   12:	  0103	C2 AF				CLR 	EA
   13:	  0105	75 20 05			MOV 	Count,#05H
   14:	  0108	12 01 6F			CALL 	DISPLAY
   15:	  010B	D2 90		LOOP: 		SETB 	SW_P10
   16:	  010D	D2 91				SETB 	SW_P11
   17:	  010F	D2 92				SETB 	SW_P12
   18:	  0111	D2 93				SETB 	SW_P13
   19:
   20:	  0113	20 90 13	_CHK10: 	JB 	SW_P10,_CHK11
   21:	  0116	05 20				INC 	Count
   22:	  0118	12 01 91			CALL 	CHK_Over9
   23:	  011B	12 01 6F			CALL 	DISPLAY
   24:	  011E	12 01 7F			CALL 	DEBOUNCE
   25:	  0121	30 90 FD			JNB 	SW_P10,$
   26:	  0124	12 01 7F			CALL 	DEBOUNCE
   27:	  0127	80 E2				JMP 	LOOP
   28:
   29:	  0129	20 91 15	_CHK11: 	JB 	SW_P11,_CHK12
   30:	  012C	05 20				INC 	Count
   31:	  012E	05 20				INC 	Count
   32:	  0130	12 01 91			CALL 	CHK_Over9
   33:	  0133	12 01 6F			CALL 	DISPLAY
   34:	  0136	12 01 7F			CALL 	DEBOUNCE
   35:	  0139	30 91 FD			JNB 	SW_P11,$
   36:	  013C	12 01 7F			CALL 	DEBOUNCE
   37:	  013F	80 CA				JMP 	LOOP
   38:
   39:	  0141	20 92 13	_CHK12: 	JB 	SW_P12,_CHK13
   40:	  0144	15 20				DEC 	Count
   41:	  0146	12 01 A4			CALL 	CHK_Under0
   42:	  0149	12 01 6F			CALL 	DISPLAY
   43:	  014C	12 01 7F			CALL 	DEBOUNCE

ASEM-51 V1.3                                         Copyright (c) 2002 by W.W. Heinz                                         PAGE 2



 Line  I  Addr  Code            Source

   44:	  014F	30 92 FD			JNB 	SW_P12,$
   45:	  0152	12 01 7F			CALL 	DEBOUNCE
   46:	  0155	80 B4				JMP 	LOOP
   47:
   48:	  0157	20 93 B9	_CHK13: 	JB 	SW_P13,_CHK10
   49:	  015A	15 20				DEC 	Count
   50:	  015C	15 20				DEC 	Count
   51:	  015E	12 01 A4			CALL 	CHK_Under0
   52:	  0161	12 01 6F			CALL 	DISPLAY
   53:	  0164	12 01 7F			CALL 	DEBOUNCE
   54:	  0167	30 93 FD			JNB 	SW_P13,$
   55:	  016A	12 01 7F			CALL 	DEBOUNCE
   56:	  016D	80 9C				JMP 	LOOP
   57:
   58:	  016F	E5 20		DISPLAY: 	MOV 	A,Count
   59:	  0171	90 01 B7			MOV 	DPTR,#X_SEG
   60:	  0174	54 0F				ANL 	A,#0FH
   61:	  0176	93				MOVC 	A,@A+DPTR
   62:	  0177	F4				CPL 	A
   63:	  0178	F5 80				MOV 	P0,A
   64:	  017A	D2 94				SETB 	P1.4
   65:	  017C	C2 95				CLR 	P1.5
   66:	  017E	22				RET
   67:
   68:	  017F	C0 F0		DEBOUNCE: 	PUSH 	B
   69:	  0181	C0 E0				PUSH 	Acc
   70:	  0183	E4				CLR 	A
   71:	  0184	F5 F0				MOV 	B,A
   72:	  0186	D5 E0 FD	_DLY00: 	DJNZ 	Acc,_DLY00
   73:	  0189	D5 F0 FA			DJNZ 	B,_DLY00
   74:	  018C	D0 E0				POP 	Acc
   75:	  018E	D0 F0				POP 	B
   76:	  0190	22				RET
   77:
   78:	  0191	C0 E0		CHK_Over9: 	PUSH 	Acc
   79:	  0193	C0 D0				PUSH 	PSW
   80:	  0195	E5 20				MOV 	A,Count
   81:	  0197	C3				CLR 	C
   82:	  0198	94 0A				SUBB 	A,#10
   83:	  019A	40 03				JC 	_X_OV9
   84:	  019C	75 20 09			MOV 	Count,#9
   85:	  019F	D0 D0		_X_OV9: 	POP 	PSW
   86:	  01A1	D0 E0				POP 	Acc
   87:	  01A3	22				RET
   88:
   89:	  01A4	C0 E0		CHK_Under0: 	PUSH 	Acc
   90:	  01A6	C0 D0				PUSH 	PSW
   91:	  01A8	E5 20				MOV 	A,Count
   92:	  01AA	C3				CLR	C
   93:	  01AB	94 0A				SUBB	A,#10
   94:	  01AD	40 03				JC	_X_UN0
   95:	  01AF	75 20 00			MOV 	Count,#0
   96:	  01B2	D0 D0		_X_UN0:		POP 	PSW
   97:	  01B4	D0 E0				POP 	Acc
   98:	  01B6	22				RET
   99:

ASEM-51 V1.3                                         Copyright (c) 2002 by W.W. Heinz                                         PAGE 3



 Line  I  Addr  Code            Source

  100:	  01B7	77 11 6D 5D	X_SEG: 		DB 77H, 11H, 6DH, 5DH
  101:	  01BB	1B 5E 7E 15			DB 1BH, 5EH, 7EH, 15H
  102:	  01BF	7F 5F 3F 7A			DB 7FH, 5FH, 3FH, 7AH
  103:	  01C3	66 79 6E 2E			DB 66H, 79H, 6EH, 2EH
  104:
  105:						END





                     register banks used:  ---

                     no errors




ASEM-51 V1.3                                         Copyright (c) 2002 by W.W. Heinz                                         PAGE 4





	       L I S T   O F   S Y M B O L S
	       =============================


SYMBOL				  TYPE     VALUE	LINE
------------------------------------------------------------
??ASEM_51			  NUMBER    8051
??VERSION			  NUMBER    0130
AC				  BIT	      D6
ACC				  DATA	      E0
B				  DATA	      F0
CHK_OVER9			  CODE	    0191	  78
CHK_UNDER0			  CODE	    01A4	  89
COUNT				  NUMBER    0020	   2
CY				  BIT	      D7
DEBOUNCE			  CODE	    017F	  68
DISPLAY				  CODE	    016F	  58
DPH				  DATA	      83
DPL				  DATA	      82
EA				  BIT	      AF
ES				  BIT	      AC
ET0				  BIT	      A9
ET1				  BIT	      AB
EX0				  BIT	      A8
EX1				  BIT	      AA
EXTI0				  CODE	    0003
EXTI1				  CODE	    0013
F0				  BIT	      D5
IE				  DATA	      A8
IE0				  BIT	      89
IE1				  BIT	      8B
INT0				  BIT	      B2
INT1				  BIT	      B3
IP				  DATA	      B8
IT0				  BIT	      88
IT1				  BIT	      8A
LOOP				  CODE	    010B	  15
OV				  BIT	      D2
P				  BIT	      D0
P0				  DATA	      80
P1				  DATA	      90
P2				  DATA	      A0
P3				  DATA	      B0
PCON				  DATA	      87
PS				  BIT	      BC
PSW				  DATA	      D0
PT0				  BIT	      B9
PT1				  BIT	      BB
PX0				  BIT	      B8
PX1				  BIT	      BA
RB8				  BIT	      9A
RD				  BIT	      B7
REN				  BIT	      9C
RESET				  CODE	    0000
RI				  BIT	      98
RS0				  BIT	      D3

ASEM-51 V1.3                                         Copyright (c) 2002 by W.W. Heinz                                         PAGE 5



SYMBOL				  TYPE     VALUE	LINE
------------------------------------------------------------
RS1				  BIT	      D4
RXD				  BIT	      B0
SBUF				  DATA	      99
SCON				  DATA	      98
SINT				  CODE	    0023
SM0				  BIT	      9F
SM1				  BIT	      9E
SM2				  BIT	      9D
SP				  DATA	      81
SW_P10				  NUMBER    0090	   3
SW_P11				  NUMBER    0091	   4
SW_P12				  NUMBER    0092	   5
SW_P13				  NUMBER    0093	   6
T0				  BIT	      B4
T1				  BIT	      B5
TB8				  BIT	      9B
TCON				  DATA	      88
TF0				  BIT	      8D
TF1				  BIT	      8F
TH0				  DATA	      8C
TH1				  DATA	      8D
TI				  BIT	      99
TIMER0				  CODE	    000B
TIMER1				  CODE	    001B
TL0				  DATA	      8A
TL1				  DATA	      8B
TMOD				  DATA	      89
TR0				  BIT	      8C
TR1				  BIT	      8E
TXD				  BIT	      B1
WR				  BIT	      B6
X_SEG				  CODE	    01B7	 100
_CHK10				  CODE	    0113	  20
_CHK11				  CODE	    0129	  29
_CHK12				  CODE	    0141	  39
_CHK13				  CODE	    0157	  48
_DLY00				  CODE	    0186	  72
_X_OV9				  CODE	    019F	  85
_X_UN0				  CODE	    01B2	  96
