
ASEM-51 V1.3                                         Copyright (c) 2002 by W.W. Heinz                                         PAGE 1





       MCS-51 Family Macro Assembler   A S E M - 5 1   V 1.3
       =====================================================



	Source File:	C:\Users\nadth\OneDrive\Desktop\micro\Lab2\std\std.asm
	Object File:	C:\Users\nadth\OneDrive\Desktop\micro\Lab2\std\std.hex
	List File:	C:\Users\nadth\OneDrive\Desktop\micro\Lab2\std\std.lst



 Line  I  Addr  Code            Source

    1:		N      8000	ORG 	8000H
    2:	  8000	78 00		LOOP: 	MOV 	R0,#00H ; Position 1st
    3:	  8002	79 6D			MOV 	R1,#06DH ; Display All On
    4:	  8004	12 80 3E		CALL 	DISP_OUT
    5:	  8007	12 80 73		CALL 	DELAY_500M
    6:	  800A	78 01			MOV 	R0,#01H ; Position 1st
    7:	  800C	79 06			MOV 	R1,#006H ; Display All On
    8:	  800E	12 80 3E		CALL 	DISP_OUT
    9:	  8011	12 80 73		CALL 	DELAY_500M
   10:	  8014	78 02			MOV 	R0,#02H ; Position 1st
   11:	  8016	79 6D			MOV 	R1,#06DH ; Display All On
   12:	  8018	12 80 3E		CALL 	DISP_OUT
   13:	  801B	12 80 73		CALL 	DELAY_500M
   14:	  801E	78 03			MOV 	R0,#03H ; Position 1st
   15:	  8020	79 7D			MOV 	R1,#07DH ; Display All On
   16:	  8022	12 80 3E		CALL 	DISP_OUT
   17:	  8025	12 80 73		CALL 	DELAY_500M
   18:	  8028	78 04			MOV 	R0,#04H ; Position 1st
   19:	  802A	79 6D			MOV 	R1,#06DH ; Display All On
   20:	  802C	12 80 3E		CALL 	DISP_OUT
   21:	  802F	12 80 73		CALL 	DELAY_500M
   22:	  8032	78 05			MOV 	R0,#05H ; Position 1st
   23:	  8034	79 5B			MOV 	R1,#05BH ; Display All On
   24:	  8036	12 80 3E		CALL 	DISP_OUT
   25:	  8039	12 80 73		CALL 	DELAY_500M
   26:	  803C	80 C2			JMP 	LOOP
   27:				;************************************************
   28:				; Display Digit_R0 by Value_R1
   29:				;************************************************
   30:	  803E	90 E0 02	DISP_OUT: 	MOV 	DPTR,#0E002H ; Send Position
   31:	  8041	E8				MOV 	A,R0
   32:	  8042	F0				MOVX 	@DPTR,A
   33:	  8043	90 E0 01			MOV 	DPTR,#0E001H ; Send Value
   34:	  8046	E9				MOV 	A,R1
   35:	  8047	F0				MOVX 	@DPTR,A
   36:	  8048	E4				CLR 	A
   37:	  8049	D5 E0 FD			DJNZ 	Acc,$
   38:	  804C	22				RET
   39:				;************************************************
   40:				; Delay Subroutine
   41:				;************************************************
   42:	  804D	12 80 54	DELAY_2SEC: 	CALL 	DELAY_1SEC ; Delay 1 Sec
   43:	  8050	12 80 54			CALL 	DELAY_1SEC ; Delay 1 Sec

ASEM-51 V1.3                                         Copyright (c) 2002 by W.W. Heinz                                         PAGE 2



 Line  I  Addr  Code            Source

   44:	  8053	22				RET
   45:
   46:	  8054	12 80 83	DELAY_1SEC: 	CALL 	DELAY100MS ; Delay 100 mSec
   47:	  8057	12 80 83			CALL 	DELAY100MS ; Delay 100 mSec
   48:	  805A	12 80 83			CALL 	DELAY100MS ; Delay 100 mSec
   49:	  805D	12 80 83			CALL 	DELAY100MS ; Delay 100 mSec
   50:	  8060	12 80 83			CALL 	DELAY100MS ; Delay 100 mSec
   51:	  8063	12 80 83			CALL 	DELAY100MS ; Delay 100 mSec
   52:	  8066	12 80 83			CALL 	DELAY100MS ; Delay 100 mSec
   53:	  8069	12 80 83			CALL 	DELAY100MS ; Delay 100 mSec
   54:	  806C	12 80 83			CALL 	DELAY100MS ; Delay 100 mSec
   55:	  806F	12 80 83			CALL 	DELAY100MS ; Delay 100 mSec
   56:	  8072	22				RET
   57:
   58:	  8073	12 80 83	DELAY_500M: 	CALL 	DELAY100MS ; Delay 100 mSec
   59:	  8076	12 80 83			CALL 	DELAY100MS ; Delay 100 mSec
   60:	  8079	12 80 83			CALL 	DELAY100MS ; Delay 100 mSec
   61:	  807C	12 80 83			CALL 	DELAY100MS ; Delay 100 mSec
   62:	  807F	12 80 83			CALL 	DELAY100MS ; Delay 100 mSec
   63:	  8082	22				RET
   64:
   65:	  8083	7E C8		DELAY100MS: 	MOV 	R6,#200 ; 200 * 500 = 100mS
   66:
   67:	  8085	12 80 8B	DLY100MS: 	CALL 	DELAY500U ; Delay 500 MicroSec
   68:	  8088	DE FB				DJNZ 	R6,DLY100MS
   69:	  808A	22				RET
   70:
   71:	  808B	7D E6		DELAY500U: 	MOV 	R5,#230 ;1 MC
   72:	  808D	DD FE				DJNZ R5,$ ;(230*2)MC *12/11.0592
   73:	  808F	22				RET ; = 499uSec
   74:
   75:						END





                     register banks used:  ---

                     no errors




ASEM-51 V1.3                                         Copyright (c) 2002 by W.W. Heinz                                         PAGE 3





	       L I S T   O F   S Y M B O L S
	       =============================


SYMBOL				  TYPE     VALUE	LINE
------------------------------------------------------------
??ASEM_51			  NUMBER    8051
??VERSION			  NUMBER    0130
AC				  BIT	      D6
ACC				  DATA	      E0
B				  DATA	      F0
CY				  BIT	      D7
DELAY100MS			  CODE	    8083	  65
DELAY500U			  CODE	    808B	  71
DELAY_1SEC			  CODE	    8054	  46
DELAY_2SEC			  CODE	    804D	  42
DELAY_500M			  CODE	    8073	  58
DISP_OUT			  CODE	    803E	  30
DLY100MS			  CODE	    8085	  67
DPH				  DATA	      83
DPL				  DATA	      82
EA				  BIT	      AF
ES				  BIT	      AC
ET0				  BIT	      A9
ET1				  BIT	      AB
EX0				  BIT	      A8
EX1				  BIT	      AA
EXTI0				  CODE	    0003
EXTI1				  CODE	    0013
F0				  BIT	      D5
IE				  DATA	      A8
IE0				  BIT	      89
IE1				  BIT	      8B
INT0				  BIT	      B2
INT1				  BIT	      B3
IP				  DATA	      B8
IT0				  BIT	      88
IT1				  BIT	      8A
LOOP				  CODE	    8000	   2
OV				  BIT	      D2
P				  BIT	      D0
P0				  DATA	      80
P1				  DATA	      90
P2				  DATA	      A0
P3				  DATA	      B0
PCON				  DATA	      87
PS				  BIT	      BC
PSW				  DATA	      D0
PT0				  BIT	      B9
PT1				  BIT	      BB
PX0				  BIT	      B8
PX1				  BIT	      BA
RB8				  BIT	      9A
RD				  BIT	      B7
REN				  BIT	      9C
RESET				  CODE	    0000

ASEM-51 V1.3                                         Copyright (c) 2002 by W.W. Heinz                                         PAGE 4



SYMBOL				  TYPE     VALUE	LINE
------------------------------------------------------------
RI				  BIT	      98
RS0				  BIT	      D3
RS1				  BIT	      D4
RXD				  BIT	      B0
SBUF				  DATA	      99
SCON				  DATA	      98
SINT				  CODE	    0023
SM0				  BIT	      9F
SM1				  BIT	      9E
SM2				  BIT	      9D
SP				  DATA	      81
T0				  BIT	      B4
T1				  BIT	      B5
TB8				  BIT	      9B
TCON				  DATA	      88
TF0				  BIT	      8D
TF1				  BIT	      8F
TH0				  DATA	      8C
TH1				  DATA	      8D
TI				  BIT	      99
TIMER0				  CODE	    000B
TIMER1				  CODE	    001B
TL0				  DATA	      8A
TL1				  DATA	      8B
TMOD				  DATA	      89
TR0				  BIT	      8C
TR1				  BIT	      8E
TXD				  BIT	      B1
WR				  BIT	      B6
