
ASEM-51 V1.3                                         Copyright (c) 2002 by W.W. Heinz                                         PAGE 1





       MCS-51 Family Macro Assembler   A S E M - 5 1   V 1.3
       =====================================================



	Source File:	C:\Users\nadth\OneDrive\Desktop\micro\Lab10\Assembly\lab10_2.asm
	Object File:	C:\Users\nadth\OneDrive\Desktop\micro\Lab10\Assembly\lab10_2.hex
	List File:	C:\Users\nadth\OneDrive\Desktop\micro\Lab10\Assembly\lab10_2.lst



 Line  I  Addr  Code            Source

    1:		N      00C8	T2CON  	EQU  	0C8H
    2:		N      00CA	RCAP2L 	EQU  	0CAH
    3:		N      00CB	RCAP2H 	EQU  	0CBH
    4:
    5:		N      0000	 	ORG 	0000H 			; Lab10Srl2.Sub
    6:	  0000	21 00		 	JMP 	0100H
    7:		N      0100	 	ORG 	0100H
    8:	  0100	75 81 3F		MOV 	SP,#3FH
    9:	  0103	C2 AF			CLR 	EA 			; Disable All
   10:	  0105	75 98 50		MOV 	SCON,#01010000B 	; Mode1 Serial Port
   11:	  0108	75 CB FF		MOV 	RCAP2H,#0FFH 		; Reload values for desired
   12:	  010B	75 CA C4		MOV 	RCAP2L,#0C4H 		; baud rate 9600@11.0592
   13:	  010E	75 C8 34		MOV 	T2CON,#00110100B 	; Timer 2 as baud rate generator
   14:									; and turn on Timer 2
   15:	  0111			Main_Loop:
   16:	  0111	C2 98			CLR 	RI 			; Ready for New Data
   17:	  0113	30 98 FD		JNB 	RI,$ 			; Wait Until Data In
   18:	  0116	E5 99			MOV 	A,SBUF 			; Get Data In
   19:
   20:	  0118			_IS_ASCII_A:
   21:	  0118	B4 41 07		CJNE 	A,#'A',_IS_ASCII_B
   22:	  011B	74 0A			MOV 	A,#0AH
   23:	  011D	12 01 93		CALL 	Display
   24:	  0120	80 EF			JMP 	Main_Loop
   25:
   26:	  0122			_IS_ASCII_B:
   27:	  0122	B4 42 07		CJNE 	A,#'B',_IS_ASCII_0
   28:	  0125	74 0B			MOV 	A,#0BH
   29:	  0127	12 01 93		CALL 	Display
   30:	  012A	80 E5			JMP 	Main_Loop
   31:
   32:	  012C			_IS_ASCII_0:
   33:	  012C	B4 30 07		CJNE 	A,#'0',_IS_ASCII_1
   34:	  012F	74 00			MOV 	A,#00H
   35:	  0131	12 01 93		CALL 	Display
   36:	  0134	80 DB			JMP 	Main_Loop
   37:
   38:	  0136			_IS_ASCII_1:
   39:	  0136	B4 31 07		CJNE 	A,#'1',_IS_ASCII_2
   40:	  0139	74 01			MOV 	A,#01H
   41:	  013B	12 01 93		CALL 	Display
   42:	  013E	80 D1			JMP 	Main_Loop
   43:

ASEM-51 V1.3                                         Copyright (c) 2002 by W.W. Heinz                                         PAGE 2



 Line  I  Addr  Code            Source

   44:	  0140			_IS_ASCII_2:
   45:	  0140	B4 32 07		CJNE 	A,#'2',_IS_ASCII_3
   46:	  0143	74 02			MOV 	A,#02H
   47:	  0145	12 01 93		CALL 	Display
   48:	  0148	80 C7			JMP 	Main_Loop
   49:
   50:	  014A			_IS_ASCII_3:
   51:	  014A	B4 33 07		CJNE 	A,#'3',_IS_ASCII_4
   52:	  014D	74 03			MOV 	A,#03H
   53:	  014F	12 01 93		CALL 	Display
   54:	  0152	80 BD			JMP 	Main_Loop
   55:
   56:	  0154			_IS_ASCII_4:
   57:	  0154	B4 34 07		CJNE 	A,#'4',_IS_ASCII_5
   58:	  0157	74 04			MOV 	A,#04H
   59:	  0159	12 01 93		CALL 	Display
   60:	  015C	80 B3			JMP 	Main_Loop
   61:
   62:	  015E			_IS_ASCII_5:
   63:	  015E	B4 35 07		CJNE 	A,#'5',_IS_ASCII_6
   64:	  0161	74 05			MOV 	A,#05H
   65:	  0163	12 01 93		CALL 	Display
   66:	  0166	80 A9			JMP 	Main_Loop
   67:
   68:	  0168			_IS_ASCII_6:
   69:	  0168	B4 36 07		CJNE 	A,#'6',_IS_ASCII_7
   70:	  016B	74 06			MOV 	A,#06H
   71:	  016D	12 01 93		CALL 	Display
   72:	  0170	80 9F			JMP 	Main_Loop
   73:
   74:	  0172			_IS_ASCII_7:
   75:	  0172	B4 37 07		CJNE 	A,#'7',_IS_ASCII_8
   76:	  0175	74 07			MOV 	A,#07H
   77:	  0177	12 01 93		CALL 	Display
   78:	  017A	80 95			JMP 	Main_Loop
   79:
   80:	  017C			_IS_ASCII_8:
   81:	  017C	B4 38 07		CJNE 	A,#'8',_IS_ASCII_9
   82:	  017F	74 08			MOV 	A,#08H
   83:	  0181	12 01 93		CALL 	Display
   84:	  0184	80 8B			JMP 	Main_Loop
   85:
   86:	  0186			_IS_ASCII_9:
   87:	  0186	B4 39 07		CJNE 	A,#'9',_IS_ASCII_Etc
   88:	  0189	74 09			MOV 	A,#09H
   89:	  018B	12 01 93		CALL 	Display
   90:	  018E	80 81			JMP 	Main_Loop
   91:
   92:	  0190			_IS_ASCII_Etc:
   93:	  0190	00			NOP
   94:	  0191	21 11			JMP 	Main_Loop
   95:
   96:	  0193			Display:
   97:	  0193	90 01 9F		MOV 	DPTR,#Seg_Tab
   98:	  0196	93			MOVC 	A,@A+DPTR
   99:	  0197	F4			CPL 	A

ASEM-51 V1.3                                         Copyright (c) 2002 by W.W. Heinz                                         PAGE 3



 Line  I  Addr  Code            Source

  100:	  0198	F5 80			MOV 	P0,A
  101:	  019A	C2 94			CLR 	P1.4
  102:	  019C	C2 95			CLR 	P1.5
  103:	  019E	22			RET
  104:
  105:	  019F			Seg_Tab:
  106:	  019F	77 11 6D 5D		DB 77H, 11H, 6DH, 5DH, 1BH, 5EH, 7EH, 15H
	  01A3	1B 5E 7E 15
  107:	  01A7	7F 5F 3F 7A		DB 7FH, 5FH, 3FH, 7AH, 66H, 79H, 6EH, 2EH
	  01AB	66 79 6E 2E
  108:					END





                     register banks used:  ---

                     no errors




ASEM-51 V1.3                                         Copyright (c) 2002 by W.W. Heinz                                         PAGE 4





	       L I S T   O F   S Y M B O L S
	       =============================


SYMBOL				  TYPE     VALUE	LINE
------------------------------------------------------------
??ASEM_51			  NUMBER    8051
??VERSION			  NUMBER    0130
AC				  BIT	      D6
ACC				  DATA	      E0
B				  DATA	      F0
CY				  BIT	      D7
DISPLAY				  CODE	    0193	  96
DPH				  DATA	      83
DPL				  DATA	      82
EA				  BIT	      AF
ES				  BIT	      AC
ET0				  BIT	      A9
ET1				  BIT	      AB
EX0				  BIT	      A8
EX1				  BIT	      AA
EXTI0				  CODE	    0003
EXTI1				  CODE	    0013
F0				  BIT	      D5
IE				  DATA	      A8
IE0				  BIT	      89
IE1				  BIT	      8B
INT0				  BIT	      B2
INT1				  BIT	      B3
IP				  DATA	      B8
IT0				  BIT	      88
IT1				  BIT	      8A
MAIN_LOOP			  CODE	    0111	  15
OV				  BIT	      D2
P				  BIT	      D0
P0				  DATA	      80
P1				  DATA	      90
P2				  DATA	      A0
P3				  DATA	      B0
PCON				  DATA	      87
PS				  BIT	      BC
PSW				  DATA	      D0
PT0				  BIT	      B9
PT1				  BIT	      BB
PX0				  BIT	      B8
PX1				  BIT	      BA
RB8				  BIT	      9A
RCAP2H				  NUMBER    00CB	   3
RCAP2L				  NUMBER    00CA	   2
RD				  BIT	      B7
REN				  BIT	      9C
RESET				  CODE	    0000
RI				  BIT	      98
RS0				  BIT	      D3
RS1				  BIT	      D4
RXD				  BIT	      B0

ASEM-51 V1.3                                         Copyright (c) 2002 by W.W. Heinz                                         PAGE 5



SYMBOL				  TYPE     VALUE	LINE
------------------------------------------------------------
SBUF				  DATA	      99
SCON				  DATA	      98
SEG_TAB				  CODE	    019F	 105
SINT				  CODE	    0023
SM0				  BIT	      9F
SM1				  BIT	      9E
SM2				  BIT	      9D
SP				  DATA	      81
T0				  BIT	      B4
T1				  BIT	      B5
T2CON				  NUMBER    00C8	   1
TB8				  BIT	      9B
TCON				  DATA	      88
TF0				  BIT	      8D
TF1				  BIT	      8F
TH0				  DATA	      8C
TH1				  DATA	      8D
TI				  BIT	      99
TIMER0				  CODE	    000B
TIMER1				  CODE	    001B
TL0				  DATA	      8A
TL1				  DATA	      8B
TMOD				  DATA	      89
TR0				  BIT	      8C
TR1				  BIT	      8E
TXD				  BIT	      B1
WR				  BIT	      B6
_IS_ASCII_0			  CODE	    012C	  32
_IS_ASCII_1			  CODE	    0136	  38
_IS_ASCII_2			  CODE	    0140	  44
_IS_ASCII_3			  CODE	    014A	  50
_IS_ASCII_4			  CODE	    0154	  56
_IS_ASCII_5			  CODE	    015E	  62
_IS_ASCII_6			  CODE	    0168	  68
_IS_ASCII_7			  CODE	    0172	  74
_IS_ASCII_8			  CODE	    017C	  80
_IS_ASCII_9			  CODE	    0186	  86
_IS_ASCII_A			  CODE	    0118	  20
_IS_ASCII_B			  CODE	    0122	  26
_IS_ASCII_ETC			  CODE	    0190	  92
