
ASEM-51 V1.3                                         Copyright (c) 2002 by W.W. Heinz                                         PAGE 1





       MCS-51 Family Macro Assembler   A S E M - 5 1   V 1.3
       =====================================================



	Source File:	C:\Users\nadth\OneDrive\Desktop\micro\lab4\2-2.asm
	Object File:	C:\Users\nadth\OneDrive\Desktop\micro\lab4\2-2.hex
	List File:	C:\Users\nadth\OneDrive\Desktop\micro\lab4\2-2.lst



 Line  I  Addr  Code            Source

    1:		N      0000		ORG	0000H
    2:	  0000	90 91 00		MOV	DPTR,#9100H
    3:	  0003	78 80			MOV	R0,#80H
    4:	  0005	7E 80			MOV	R6,#128
    5:
    6:	  0007	E0		LOOP:	MOVX	A,@DPTR
    7:	  0008	B5 F0 0A		CJNE	A,B,NEXT
    8:	  000B	74 AA			MOV	A,#0AAH
    9:	  000D	F6			MOV	@R0,A
   10:	  000E	08			INC	R0
   11:	  000F	A3			INC	DPTR
   12:	  0010	DE F5			DJNZ	R6,LOOP
   13:	  0012	02 00 1A		JMP	FINAL
   14:
   15:	  0015	F6		NEXT:	MOV	@R0,A
   16:	  0016	08			INC	R0
   17:	  0017	A3			INC	DPTR
   18:	  0018	DE ED			DJNZ	R6,LOOP
   19:
   20:	  001A	80 FE		FINAL:	JMP	$
   21:
   22:					END





                     register banks used:  ---

                     no errors




ASEM-51 V1.3                                         Copyright (c) 2002 by W.W. Heinz                                         PAGE 2





	       L I S T   O F   S Y M B O L S
	       =============================


SYMBOL				  TYPE     VALUE	LINE
------------------------------------------------------------
??ASEM_51			  NUMBER    8051
??VERSION			  NUMBER    0130
AC				  BIT	      D6
ACC				  DATA	      E0
B				  DATA	      F0
CY				  BIT	      D7
DPH				  DATA	      83
DPL				  DATA	      82
EA				  BIT	      AF
ES				  BIT	      AC
ET0				  BIT	      A9
ET1				  BIT	      AB
EX0				  BIT	      A8
EX1				  BIT	      AA
EXTI0				  CODE	    0003
EXTI1				  CODE	    0013
F0				  BIT	      D5
FINAL				  CODE	    001A	  20
IE				  DATA	      A8
IE0				  BIT	      89
IE1				  BIT	      8B
INT0				  BIT	      B2
INT1				  BIT	      B3
IP				  DATA	      B8
IT0				  BIT	      88
IT1				  BIT	      8A
LOOP				  CODE	    0007	   6
NEXT				  CODE	    0015	  15
OV				  BIT	      D2
P				  BIT	      D0
P0				  DATA	      80
P1				  DATA	      90
P2				  DATA	      A0
P3				  DATA	      B0
PCON				  DATA	      87
PS				  BIT	      BC
PSW				  DATA	      D0
PT0				  BIT	      B9
PT1				  BIT	      BB
PX0				  BIT	      B8
PX1				  BIT	      BA
RB8				  BIT	      9A
RD				  BIT	      B7
REN				  BIT	      9C
RESET				  CODE	    0000
RI				  BIT	      98
RS0				  BIT	      D3
RS1				  BIT	      D4
RXD				  BIT	      B0
SBUF				  DATA	      99

ASEM-51 V1.3                                         Copyright (c) 2002 by W.W. Heinz                                         PAGE 3



SYMBOL				  TYPE     VALUE	LINE
------------------------------------------------------------
SCON				  DATA	      98
SINT				  CODE	    0023
SM0				  BIT	      9F
SM1				  BIT	      9E
SM2				  BIT	      9D
SP				  DATA	      81
T0				  BIT	      B4
T1				  BIT	      B5
TB8				  BIT	      9B
TCON				  DATA	      88
TF0				  BIT	      8D
TF1				  BIT	      8F
TH0				  DATA	      8C
TH1				  DATA	      8D
TI				  BIT	      99
TIMER0				  CODE	    000B
TIMER1				  CODE	    001B
TL0				  DATA	      8A
TL1				  DATA	      8B
TMOD				  DATA	      89
TR0				  BIT	      8C
TR1				  BIT	      8E
TXD				  BIT	      B1
WR				  BIT	      B6
